{"numFailedTestSuites":10,"numFailedTests":134,"numPassedTestSuites":2,"numPassedTests":199,"numPendingTestSuites":0,"numPendingTests":0,"numRuntimeErrorTestSuites":3,"numTodoTests":0,"numTotalTestSuites":12,"numTotalTests":333,"openHandles":[],"snapshot":{"added":0,"didUpdate":false,"failure":false,"filesAdded":0,"filesRemoved":0,"filesRemovedList":[],"filesUnmatched":0,"filesUpdated":0,"matched":0,"total":0,"unchecked":0,"uncheckedKeysByFile":[],"unmatched":0,"updated":0},"startTime":1747710214289,"success":false,"testResults":[{"assertionResults":[{"ancestorTitles":["Query Complexity Scorer"],"duration":58,"failureDetails":[],"failureMessages":[],"fullName":"Query Complexity Scorer should identify simple queries","invocations":1,"location":{"column":3,"line":5},"numPassingAsserts":12,"retryReasons":[],"status":"passed","title":"should identify simple queries"},{"ancestorTitles":["Query Complexity Scorer"],"duration":1,"failureDetails":[{"matcherResult":{"message":"\u001b[2mexpect(\u001b[22m\u001b[31mreceived\u001b[39m\u001b[2m).\u001b[22mtoBeGreaterThan\u001b[2m(\u001b[22m\u001b[32mexpected\u001b[39m\u001b[2m)\u001b[22m\n\nExpected: > \u001b[32m4\u001b[39m\nReceived:   \u001b[31m3\u001b[39m","pass":false}}],"failureMessages":["Error: \u001b[2mexpect(\u001b[22m\u001b[31mreceived\u001b[39m\u001b[2m).\u001b[22mtoBeGreaterThan\u001b[2m(\u001b[22m\u001b[32mexpected\u001b[39m\u001b[2m)\u001b[22m\n\nExpected: > \u001b[32m4\u001b[39m\nReceived:   \u001b[31m3\u001b[39m\n    at /Users/voldeck/code/newdemo/__tests__/lib/query-complexity-scorer.test.ts:30:28\n    at Array.forEach (<anonymous>)\n    at Object.<anonymous> (/Users/voldeck/code/newdemo/__tests__/lib/query-complexity-scorer.test.ts:28:20)\n    at Promise.then.completed (/Users/voldeck/code/newdemo/node_modules/jest-circus/build/utils.js:298:28)\n    at new Promise (<anonymous>)\n    at callAsyncCircusFn (/Users/voldeck/code/newdemo/node_modules/jest-circus/build/utils.js:231:10)\n    at _callCircusTest (/Users/voldeck/code/newdemo/node_modules/jest-circus/build/run.js:316:40)\n    at processTicksAndRejections (node:internal/process/task_queues:105:5)\n    at _runTest (/Users/voldeck/code/newdemo/node_modules/jest-circus/build/run.js:252:3)\n    at _runTestsForDescribeBlock (/Users/voldeck/code/newdemo/node_modules/jest-circus/build/run.js:126:9)\n    at _runTestsForDescribeBlock (/Users/voldeck/code/newdemo/node_modules/jest-circus/build/run.js:121:9)\n    at run (/Users/voldeck/code/newdemo/node_modules/jest-circus/build/run.js:71:3)\n    at runAndTransformResultsToJestFormat (/Users/voldeck/code/newdemo/node_modules/jest-circus/build/legacy-code-todo-rewrite/jestAdapterInit.js:122:21)\n    at jestAdapter (/Users/voldeck/code/newdemo/node_modules/jest-circus/build/legacy-code-todo-rewrite/jestAdapter.js:79:19)\n    at runTestInternal (/Users/voldeck/code/newdemo/node_modules/jest-runner/build/runTest.js:367:16)\n    at runTest (/Users/voldeck/code/newdemo/node_modules/jest-runner/build/runTest.js:444:34)\n    at Object.worker (/Users/voldeck/code/newdemo/node_modules/jest-runner/build/testWorker.js:106:12)"],"fullName":"Query Complexity Scorer should identify complex queries","invocations":1,"location":{"column":3,"line":21},"numPassingAsserts":3,"retryReasons":[],"status":"failed","title":"should identify complex queries"},{"ancestorTitles":["Query Complexity Scorer"],"duration":1,"failureDetails":[{"matcherResult":{"actual":false,"expected":true,"message":"\u001b[2mexpect(\u001b[22m\u001b[31mreceived\u001b[39m\u001b[2m).\u001b[22mtoBe\u001b[2m(\u001b[22m\u001b[32mexpected\u001b[39m\u001b[2m) // Object.is equality\u001b[22m\n\nExpected: \u001b[32mtrue\u001b[39m\nReceived: \u001b[31mfalse\u001b[39m","name":"toBe","pass":false}}],"failureMessages":["Error: \u001b[2mexpect(\u001b[22m\u001b[31mreceived\u001b[39m\u001b[2m).\u001b[22mtoBe\u001b[2m(\u001b[22m\u001b[32mexpected\u001b[39m\u001b[2m) // Object.is equality\u001b[22m\n\nExpected: \u001b[32mtrue\u001b[39m\nReceived: \u001b[31mfalse\u001b[39m\n    at /Users/voldeck/code/newdemo/__tests__/lib/query-complexity-scorer.test.ts:46:33\n    at Array.forEach (<anonymous>)\n    at Object.<anonymous> (/Users/voldeck/code/newdemo/__tests__/lib/query-complexity-scorer.test.ts:44:23)\n    at Promise.then.completed (/Users/voldeck/code/newdemo/node_modules/jest-circus/build/utils.js:298:28)\n    at new Promise (<anonymous>)\n    at callAsyncCircusFn (/Users/voldeck/code/newdemo/node_modules/jest-circus/build/utils.js:231:10)\n    at _callCircusTest (/Users/voldeck/code/newdemo/node_modules/jest-circus/build/run.js:316:40)\n    at processTicksAndRejections (node:internal/process/task_queues:105:5)\n    at _runTest (/Users/voldeck/code/newdemo/node_modules/jest-circus/build/run.js:252:3)\n    at _runTestsForDescribeBlock (/Users/voldeck/code/newdemo/node_modules/jest-circus/build/run.js:126:9)\n    at _runTestsForDescribeBlock (/Users/voldeck/code/newdemo/node_modules/jest-circus/build/run.js:121:9)\n    at run (/Users/voldeck/code/newdemo/node_modules/jest-circus/build/run.js:71:3)\n    at runAndTransformResultsToJestFormat (/Users/voldeck/code/newdemo/node_modules/jest-circus/build/legacy-code-todo-rewrite/jestAdapterInit.js:122:21)\n    at jestAdapter (/Users/voldeck/code/newdemo/node_modules/jest-circus/build/legacy-code-todo-rewrite/jestAdapter.js:79:19)\n    at runTestInternal (/Users/voldeck/code/newdemo/node_modules/jest-runner/build/runTest.js:367:16)\n    at runTest (/Users/voldeck/code/newdemo/node_modules/jest-runner/build/runTest.js:444:34)\n    at Object.worker (/Users/voldeck/code/newdemo/node_modules/jest-runner/build/testWorker.js:106:12)"],"fullName":"Query Complexity Scorer should identify predictive queries","invocations":1,"location":{"column":3,"line":36},"numPassingAsserts":4,"retryReasons":[],"status":"failed","title":"should identify predictive queries"},{"ancestorTitles":["Query Complexity Scorer"],"duration":0,"failureDetails":[],"failureMessages":[],"fullName":"Query Complexity Scorer should add score for statistical terminology","invocations":1,"location":{"column":3,"line":51},"numPassingAsserts":2,"retryReasons":[],"status":"passed","title":"should add score for statistical terminology"},{"ancestorTitles":["Query Complexity Scorer"],"duration":0,"failureDetails":[],"failureMessages":[],"fullName":"Query Complexity Scorer should add score for multiple parameters","invocations":1,"location":{"column":3,"line":59},"numPassingAsserts":2,"retryReasons":[],"status":"passed","title":"should add score for multiple parameters"},{"ancestorTitles":["Query Complexity Scorer"],"duration":1,"failureDetails":[{"matcherResult":{"message":"\u001b[2mexpect(\u001b[22m\u001b[31mreceived\u001b[39m\u001b[2m).\u001b[22mtoBeGreaterThan\u001b[2m(\u001b[22m\u001b[32mexpected\u001b[39m\u001b[2m)\u001b[22m\n\nExpected: > \u001b[32m2\u001b[39m\nReceived:   \u001b[31m2\u001b[39m","pass":false}}],"failureMessages":["Error: \u001b[2mexpect(\u001b[22m\u001b[31mreceived\u001b[39m\u001b[2m).\u001b[22mtoBeGreaterThan\u001b[2m(\u001b[22m\u001b[32mexpected\u001b[39m\u001b[2m)\u001b[22m\n\nExpected: > \u001b[32m2\u001b[39m\nReceived:   \u001b[31m2\u001b[39m\n    at Object.<anonymous> (/Users/voldeck/code/newdemo/__tests__/lib/query-complexity-scorer.test.ts:71:26)\n    at Promise.then.completed (/Users/voldeck/code/newdemo/node_modules/jest-circus/build/utils.js:298:28)\n    at new Promise (<anonymous>)\n    at callAsyncCircusFn (/Users/voldeck/code/newdemo/node_modules/jest-circus/build/utils.js:231:10)\n    at _callCircusTest (/Users/voldeck/code/newdemo/node_modules/jest-circus/build/run.js:316:40)\n    at processTicksAndRejections (node:internal/process/task_queues:105:5)\n    at _runTest (/Users/voldeck/code/newdemo/node_modules/jest-circus/build/run.js:252:3)\n    at _runTestsForDescribeBlock (/Users/voldeck/code/newdemo/node_modules/jest-circus/build/run.js:126:9)\n    at _runTestsForDescribeBlock (/Users/voldeck/code/newdemo/node_modules/jest-circus/build/run.js:121:9)\n    at run (/Users/voldeck/code/newdemo/node_modules/jest-circus/build/run.js:71:3)\n    at runAndTransformResultsToJestFormat (/Users/voldeck/code/newdemo/node_modules/jest-circus/build/legacy-code-todo-rewrite/jestAdapterInit.js:122:21)\n    at jestAdapter (/Users/voldeck/code/newdemo/node_modules/jest-circus/build/legacy-code-todo-rewrite/jestAdapter.js:79:19)\n    at runTestInternal (/Users/voldeck/code/newdemo/node_modules/jest-runner/build/runTest.js:367:16)\n    at runTest (/Users/voldeck/code/newdemo/node_modules/jest-runner/build/runTest.js:444:34)\n    at Object.worker (/Users/voldeck/code/newdemo/node_modules/jest-runner/build/testWorker.js:106:12)"],"fullName":"Query Complexity Scorer should add score for spatial complexity","invocations":1,"location":{"column":3,"line":67},"numPassingAsserts":0,"retryReasons":[],"status":"failed","title":"should add score for spatial complexity"},{"ancestorTitles":["Query Complexity Scorer"],"duration":0,"failureDetails":[],"failureMessages":[],"fullName":"Query Complexity Scorer should consider visualization type in scoring","invocations":1,"location":{"column":3,"line":75},"numPassingAsserts":4,"retryReasons":[],"status":"passed","title":"should consider visualization type in scoring"}],"endTime":1747710216197,"message":"\u001b[1m\u001b[31m  \u001b[1m● \u001b[22m\u001b[1mQuery Complexity Scorer › should identify complex queries\u001b[39m\u001b[22m\n\n    \u001b[2mexpect(\u001b[22m\u001b[31mreceived\u001b[39m\u001b[2m).\u001b[22mtoBeGreaterThan\u001b[2m(\u001b[22m\u001b[32mexpected\u001b[39m\u001b[2m)\u001b[22m\n\n    Expected: > \u001b[32m4\u001b[39m\n    Received:   \u001b[31m3\u001b[39m\n\u001b[2m\u001b[22m\n\u001b[2m    \u001b[0m \u001b[90m 28 |\u001b[39m     complexQueries\u001b[33m.\u001b[39mforEach(query \u001b[33m=>\u001b[39m {\u001b[22m\n\u001b[2m     \u001b[90m 29 |\u001b[39m       \u001b[36mconst\u001b[39m result \u001b[33m=\u001b[39m scoreQueryComplexity(query)\u001b[33m;\u001b[39m\u001b[22m\n\u001b[2m    \u001b[31m\u001b[1m>\u001b[22m\u001b[2m\u001b[39m\u001b[90m 30 |\u001b[39m       expect(result\u001b[33m.\u001b[39mscore)\u001b[33m.\u001b[39mtoBeGreaterThan(\u001b[35m4\u001b[39m)\u001b[33m;\u001b[39m\u001b[22m\n\u001b[2m     \u001b[90m    |\u001b[39m                            \u001b[31m\u001b[1m^\u001b[22m\u001b[2m\u001b[39m\u001b[22m\n\u001b[2m     \u001b[90m 31 |\u001b[39m       expect(result\u001b[33m.\u001b[39mrequiresML)\u001b[33m.\u001b[39mtoBe(\u001b[36mtrue\u001b[39m)\u001b[33m;\u001b[39m\u001b[22m\n\u001b[2m     \u001b[90m 32 |\u001b[39m       expect(result\u001b[33m.\u001b[39mqueryType)\u001b[33m.\u001b[39mtoBe(\u001b[32m'complex'\u001b[39m)\u001b[33m;\u001b[39m\u001b[22m\n\u001b[2m     \u001b[90m 33 |\u001b[39m     })\u001b[33m;\u001b[39m\u001b[0m\u001b[22m\n\u001b[2m\u001b[22m\n\u001b[2m      \u001b[2mat \u001b[22m\u001b[2m\u001b[0m\u001b[36m__tests__/lib/query-complexity-scorer.test.ts\u001b[39m\u001b[0m\u001b[2m:30:28\u001b[22m\u001b[2m\u001b[22m\n\u001b[2m          at Array.forEach (<anonymous>)\u001b[22m\n\u001b[2m      \u001b[2mat Object.<anonymous> (\u001b[22m\u001b[2m\u001b[0m\u001b[36m__tests__/lib/query-complexity-scorer.test.ts\u001b[39m\u001b[0m\u001b[2m:28:20)\u001b[22m\u001b[2m\u001b[22m\n\n\u001b[1m\u001b[31m  \u001b[1m● \u001b[22m\u001b[1mQuery Complexity Scorer › should identify predictive queries\u001b[39m\u001b[22m\n\n    \u001b[2mexpect(\u001b[22m\u001b[31mreceived\u001b[39m\u001b[2m).\u001b[22mtoBe\u001b[2m(\u001b[22m\u001b[32mexpected\u001b[39m\u001b[2m) // Object.is equality\u001b[22m\n\n    Expected: \u001b[32mtrue\u001b[39m\n    Received: \u001b[31mfalse\u001b[39m\n\u001b[2m\u001b[22m\n\u001b[2m    \u001b[0m \u001b[90m 44 |\u001b[39m     predictiveQueries\u001b[33m.\u001b[39mforEach(query \u001b[33m=>\u001b[39m {\u001b[22m\n\u001b[2m     \u001b[90m 45 |\u001b[39m       \u001b[36mconst\u001b[39m result \u001b[33m=\u001b[39m scoreQueryComplexity(query)\u001b[33m;\u001b[39m\u001b[22m\n\u001b[2m    \u001b[31m\u001b[1m>\u001b[22m\u001b[2m\u001b[39m\u001b[90m 46 |\u001b[39m       expect(result\u001b[33m.\u001b[39mrequiresML)\u001b[33m.\u001b[39mtoBe(\u001b[36mtrue\u001b[39m)\u001b[33m;\u001b[39m\u001b[22m\n\u001b[2m     \u001b[90m    |\u001b[39m                                 \u001b[31m\u001b[1m^\u001b[22m\u001b[2m\u001b[39m\u001b[22m\n\u001b[2m     \u001b[90m 47 |\u001b[39m       expect(result\u001b[33m.\u001b[39mqueryType)\u001b[33m.\u001b[39mtoBe(\u001b[32m'predictive'\u001b[39m)\u001b[33m;\u001b[39m\u001b[22m\n\u001b[2m     \u001b[90m 48 |\u001b[39m     })\u001b[33m;\u001b[39m\u001b[22m\n\u001b[2m     \u001b[90m 49 |\u001b[39m   })\u001b[33m;\u001b[39m\u001b[0m\u001b[22m\n\u001b[2m\u001b[22m\n\u001b[2m      \u001b[2mat \u001b[22m\u001b[2m\u001b[0m\u001b[36m__tests__/lib/query-complexity-scorer.test.ts\u001b[39m\u001b[0m\u001b[2m:46:33\u001b[22m\u001b[2m\u001b[22m\n\u001b[2m          at Array.forEach (<anonymous>)\u001b[22m\n\u001b[2m      \u001b[2mat Object.<anonymous> (\u001b[22m\u001b[2m\u001b[0m\u001b[36m__tests__/lib/query-complexity-scorer.test.ts\u001b[39m\u001b[0m\u001b[2m:44:23)\u001b[22m\u001b[2m\u001b[22m\n\n\u001b[1m\u001b[31m  \u001b[1m● \u001b[22m\u001b[1mQuery Complexity Scorer › should add score for spatial complexity\u001b[39m\u001b[22m\n\n    \u001b[2mexpect(\u001b[22m\u001b[31mreceived\u001b[39m\u001b[2m).\u001b[22mtoBeGreaterThan\u001b[2m(\u001b[22m\u001b[32mexpected\u001b[39m\u001b[2m)\u001b[22m\n\n    Expected: > \u001b[32m2\u001b[39m\n    Received:   \u001b[31m2\u001b[39m\n\u001b[2m\u001b[22m\n\u001b[2m    \u001b[0m \u001b[90m 69 |\u001b[39m     \u001b[36mconst\u001b[39m result \u001b[33m=\u001b[39m scoreQueryComplexity(query)\u001b[33m;\u001b[39m\u001b[22m\n\u001b[2m     \u001b[90m 70 |\u001b[39m     \u001b[22m\n\u001b[2m    \u001b[31m\u001b[1m>\u001b[22m\u001b[2m\u001b[39m\u001b[90m 71 |\u001b[39m     expect(result\u001b[33m.\u001b[39mscore)\u001b[33m.\u001b[39mtoBeGreaterThan(\u001b[35m2\u001b[39m)\u001b[33m;\u001b[39m\u001b[22m\n\u001b[2m     \u001b[90m    |\u001b[39m                          \u001b[31m\u001b[1m^\u001b[22m\u001b[2m\u001b[39m\u001b[22m\n\u001b[2m     \u001b[90m 72 |\u001b[39m     expect(result\u001b[33m.\u001b[39mexplanation\u001b[33m.\u001b[39msome(exp \u001b[33m=>\u001b[39m exp\u001b[33m.\u001b[39mincludes(\u001b[32m'spatial relationships'\u001b[39m)))\u001b[33m.\u001b[39mtoBe(\u001b[36mtrue\u001b[39m)\u001b[33m;\u001b[39m\u001b[22m\n\u001b[2m     \u001b[90m 73 |\u001b[39m   })\u001b[33m;\u001b[39m\u001b[22m\n\u001b[2m     \u001b[90m 74 |\u001b[39m   \u001b[0m\u001b[22m\n\u001b[2m\u001b[22m\n\u001b[2m      \u001b[2mat Object.<anonymous> (\u001b[22m\u001b[2m\u001b[0m\u001b[36m__tests__/lib/query-complexity-scorer.test.ts\u001b[39m\u001b[0m\u001b[2m:71:26)\u001b[22m\u001b[2m\u001b[22m\n","name":"/Users/voldeck/code/newdemo/__tests__/lib/query-complexity-scorer.test.ts","startTime":1747710214791,"status":"failed","summary":""},{"assertionResults":[{"ancestorTitles":["QueryClassifier","Core Visualization Types"],"duration":58,"failureDetails":[],"failureMessages":[],"fullName":"QueryClassifier Core Visualization Types CHOROPLETH classification","invocations":1,"location":{"column":5,"line":37},"numPassingAsserts":2,"retryReasons":[],"status":"passed","title":"CHOROPLETH classification"},{"ancestorTitles":["QueryClassifier","Core Visualization Types"],"duration":12,"failureDetails":[],"failureMessages":[],"fullName":"QueryClassifier Core Visualization Types CORRELATION classification","invocations":1,"location":{"column":5,"line":43},"numPassingAsserts":2,"retryReasons":[],"status":"passed","title":"CORRELATION classification"},{"ancestorTitles":["QueryClassifier","Core Visualization Types"],"duration":10,"failureDetails":[],"failureMessages":[],"fullName":"QueryClassifier Core Visualization Types JOINT_HIGH classification","invocations":1,"location":{"column":5,"line":49},"numPassingAsserts":2,"retryReasons":[],"status":"passed","title":"JOINT_HIGH classification"},{"ancestorTitles":["QueryClassifier","Core Visualization Types"],"duration":7,"failureDetails":[],"failureMessages":[],"fullName":"QueryClassifier Core Visualization Types TRENDS classification","invocations":1,"location":{"column":5,"line":55},"numPassingAsserts":2,"retryReasons":[],"status":"passed","title":"TRENDS classification"},{"ancestorTitles":["QueryClassifier","Core Visualization Types"],"duration":1,"failureDetails":[],"failureMessages":[],"fullName":"QueryClassifier Core Visualization Types HEATMAP classification","invocations":1,"location":{"column":5,"line":61},"numPassingAsserts":2,"retryReasons":[],"status":"passed","title":"HEATMAP classification"},{"ancestorTitles":["QueryClassifier","Edge Cases"],"duration":1,"failureDetails":[],"failureMessages":[],"fullName":"QueryClassifier Edge Cases handles mixed signal queries","invocations":1,"location":{"column":5,"line":69},"numPassingAsserts":2,"retryReasons":[],"status":"passed","title":"handles mixed signal queries"},{"ancestorTitles":["QueryClassifier","Edge Cases"],"duration":4,"failureDetails":[],"failureMessages":[],"fullName":"QueryClassifier Edge Cases handles ambiguous queries","invocations":1,"location":{"column":5,"line":76},"numPassingAsserts":2,"retryReasons":[],"status":"passed","title":"handles ambiguous queries"},{"ancestorTitles":["QueryClassifier","Edge Cases"],"duration":1,"failureDetails":[],"failureMessages":[],"fullName":"QueryClassifier Edge Cases handles queries with multiple visualization keywords","invocations":1,"location":{"column":5,"line":83},"numPassingAsserts":2,"retryReasons":[],"status":"passed","title":"handles queries with multiple visualization keywords"},{"ancestorTitles":["QueryClassifier","Analysis Result Enhancement"],"duration":13,"failureDetails":[],"failureMessages":[],"fullName":"QueryClassifier Analysis Result Enhancement enhances analysis with visualization type","invocations":1,"location":{"column":5,"line":92},"numPassingAsserts":2,"retryReasons":[],"status":"passed","title":"enhances analysis with visualization type"},{"ancestorTitles":["QueryClassifier","Analysis Result Enhancement"],"duration":1,"failureDetails":[],"failureMessages":[],"fullName":"QueryClassifier Analysis Result Enhancement preserves existing visualization type","invocations":1,"location":{"column":5,"line":108},"numPassingAsserts":2,"retryReasons":[],"status":"passed","title":"preserves existing visualization type"}],"endTime":1747710216447,"message":"","name":"/Users/voldeck/code/newdemo/test/query-classifier.test.ts","startTime":1747710216216,"status":"passed","summary":""},{"assertionResults":[{"ancestorTitles":["Query Classifier Visualization Types"],"duration":108,"failureDetails":[{"matcherResult":{"actual":"scatter","expected":"cluster","message":"\u001b[2mexpect(\u001b[22m\u001b[31mreceived\u001b[39m\u001b[2m).\u001b[22mtoBe\u001b[2m(\u001b[22m\u001b[32mexpected\u001b[39m\u001b[2m) // Object.is equality\u001b[22m\n\nExpected: \u001b[32m\"\u001b[7mclus\u001b[27mter\"\u001b[39m\nReceived: \u001b[31m\"\u001b[7mscat\u001b[27mter\"\u001b[39m","name":"toBe","pass":false}}],"failureMessages":["Error: \u001b[2mexpect(\u001b[22m\u001b[31mreceived\u001b[39m\u001b[2m).\u001b[22mtoBe\u001b[2m(\u001b[22m\u001b[32mexpected\u001b[39m\u001b[2m) // Object.is equality\u001b[22m\n\nExpected: \u001b[32m\"\u001b[7mclus\u001b[27mter\"\u001b[39m\nReceived: \u001b[31m\"\u001b[7mscat\u001b[27mter\"\u001b[39m\n    at Object.<anonymous> (/Users/voldeck/code/newdemo/__tests__/lib/query-classifier-vistypes.test.ts:34:22)\n    at processTicksAndRejections (node:internal/process/task_queues:105:5)"],"fullName":"Query Classifier Visualization Types should recognize all visualization types from example queries","invocations":1,"location":{"column":3,"line":7},"numPassingAsserts":3,"retryReasons":[],"status":"failed","title":"should recognize all visualization types from example queries"}],"endTime":1747710216483,"message":"\u001b[1m\u001b[31m  \u001b[1m● \u001b[22m\u001b[1mQuery Classifier Visualization Types › should recognize all visualization types from example queries\u001b[39m\u001b[22m\n\n    \u001b[2mexpect(\u001b[22m\u001b[31mreceived\u001b[39m\u001b[2m).\u001b[22mtoBe\u001b[2m(\u001b[22m\u001b[32mexpected\u001b[39m\u001b[2m) // Object.is equality\u001b[22m\n\n    Expected: \u001b[32m\"\u001b[7mclus\u001b[27mter\"\u001b[39m\n    Received: \u001b[31m\"\u001b[7mscat\u001b[27mter\"\u001b[39m\n\u001b[2m\u001b[22m\n\u001b[2m    \u001b[0m \u001b[90m 32 |\u001b[39m     \u001b[36mfor\u001b[39m (\u001b[36mconst\u001b[39m { query\u001b[33m,\u001b[39m expected } \u001b[36mof\u001b[39m testCases) {\u001b[22m\n\u001b[2m     \u001b[90m 33 |\u001b[39m       \u001b[36mconst\u001b[39m result \u001b[33m=\u001b[39m \u001b[36mawait\u001b[39m classifyQuery(query)\u001b[33m;\u001b[39m\u001b[22m\n\u001b[2m    \u001b[31m\u001b[1m>\u001b[22m\u001b[2m\u001b[39m\u001b[90m 34 |\u001b[39m       expect(result)\u001b[33m.\u001b[39mtoBe(expected)\u001b[33m;\u001b[39m\u001b[22m\n\u001b[2m     \u001b[90m    |\u001b[39m                      \u001b[31m\u001b[1m^\u001b[22m\u001b[2m\u001b[39m\u001b[22m\n\u001b[2m     \u001b[90m 35 |\u001b[39m     }\u001b[22m\n\u001b[2m     \u001b[90m 36 |\u001b[39m   })\u001b[33m;\u001b[39m\u001b[22m\n\u001b[2m     \u001b[90m 37 |\u001b[39m })\u001b[33m;\u001b[39m \u001b[0m\u001b[22m\n\u001b[2m\u001b[22m\n\u001b[2m      \u001b[2mat Object.<anonymous> (\u001b[22m\u001b[2m\u001b[0m\u001b[36m__tests__/lib/query-classifier-vistypes.test.ts\u001b[39m\u001b[0m\u001b[2m:34:22)\u001b[22m\u001b[2m\u001b[22m\n","name":"/Users/voldeck/code/newdemo/__tests__/lib/query-classifier-vistypes.test.ts","startTime":1747710214752,"status":"failed","summary":""},{"assertionResults":[{"ancestorTitles":["Query Classifier","classifyQuery"],"duration":8,"failureDetails":[{"matcherResult":{"actual":{},"expected":"choropleth","message":"\u001b[2mexpect(\u001b[22m\u001b[31mreceived\u001b[39m\u001b[2m).\u001b[22mtoBe\u001b[2m(\u001b[22m\u001b[32mexpected\u001b[39m\u001b[2m) // Object.is equality\u001b[22m\n\nExpected: \u001b[32m\"choropleth\"\u001b[39m\nReceived: \u001b[31m{}\u001b[39m","name":"toBe","pass":false}}],"failureMessages":["Error: \u001b[2mexpect(\u001b[22m\u001b[31mreceived\u001b[39m\u001b[2m).\u001b[22mtoBe\u001b[2m(\u001b[22m\u001b[32mexpected\u001b[39m\u001b[2m) // Object.is equality\u001b[22m\n\nExpected: \u001b[32m\"choropleth\"\u001b[39m\nReceived: \u001b[31m{}\u001b[39m\n    at Object.<anonymous> (/Users/voldeck/code/newdemo/__tests__/query-classifier.test.ts:7:81)\n    at Promise.then.completed (/Users/voldeck/code/newdemo/node_modules/jest-circus/build/utils.js:298:28)\n    at new Promise (<anonymous>)\n    at callAsyncCircusFn (/Users/voldeck/code/newdemo/node_modules/jest-circus/build/utils.js:231:10)\n    at _callCircusTest (/Users/voldeck/code/newdemo/node_modules/jest-circus/build/run.js:316:40)\n    at processTicksAndRejections (node:internal/process/task_queues:105:5)\n    at _runTest (/Users/voldeck/code/newdemo/node_modules/jest-circus/build/run.js:252:3)\n    at _runTestsForDescribeBlock (/Users/voldeck/code/newdemo/node_modules/jest-circus/build/run.js:126:9)\n    at _runTestsForDescribeBlock (/Users/voldeck/code/newdemo/node_modules/jest-circus/build/run.js:121:9)\n    at _runTestsForDescribeBlock (/Users/voldeck/code/newdemo/node_modules/jest-circus/build/run.js:121:9)\n    at run (/Users/voldeck/code/newdemo/node_modules/jest-circus/build/run.js:71:3)\n    at runAndTransformResultsToJestFormat (/Users/voldeck/code/newdemo/node_modules/jest-circus/build/legacy-code-todo-rewrite/jestAdapterInit.js:122:21)\n    at jestAdapter (/Users/voldeck/code/newdemo/node_modules/jest-circus/build/legacy-code-todo-rewrite/jestAdapter.js:79:19)\n    at runTestInternal (/Users/voldeck/code/newdemo/node_modules/jest-runner/build/runTest.js:367:16)\n    at runTest (/Users/voldeck/code/newdemo/node_modules/jest-runner/build/runTest.js:444:34)\n    at Object.worker (/Users/voldeck/code/newdemo/node_modules/jest-runner/build/testWorker.js:106:12)"],"fullName":"Query Classifier classifyQuery should classify choropleth queries","invocations":1,"location":{"column":5,"line":6},"numPassingAsserts":0,"retryReasons":[],"status":"failed","title":"should classify choropleth queries"},{"ancestorTitles":["Query Classifier","classifyQuery"],"duration":4,"failureDetails":[{"matcherResult":{"actual":{},"expected":"correlation","message":"\u001b[2mexpect(\u001b[22m\u001b[31mreceived\u001b[39m\u001b[2m).\u001b[22mtoBe\u001b[2m(\u001b[22m\u001b[32mexpected\u001b[39m\u001b[2m) // Object.is equality\u001b[22m\n\nExpected: \u001b[32m\"correlation\"\u001b[39m\nReceived: \u001b[31m{}\u001b[39m","name":"toBe","pass":false}}],"failureMessages":["Error: \u001b[2mexpect(\u001b[22m\u001b[31mreceived\u001b[39m\u001b[2m).\u001b[22mtoBe\u001b[2m(\u001b[22m\u001b[32mexpected\u001b[39m\u001b[2m) // Object.is equality\u001b[22m\n\nExpected: \u001b[32m\"correlation\"\u001b[39m\nReceived: \u001b[31m{}\u001b[39m\n    at Object.<anonymous> (/Users/voldeck/code/newdemo/__tests__/query-classifier.test.ts:13:78)\n    at Promise.then.completed (/Users/voldeck/code/newdemo/node_modules/jest-circus/build/utils.js:298:28)\n    at new Promise (<anonymous>)\n    at callAsyncCircusFn (/Users/voldeck/code/newdemo/node_modules/jest-circus/build/utils.js:231:10)\n    at _callCircusTest (/Users/voldeck/code/newdemo/node_modules/jest-circus/build/run.js:316:40)\n    at processTicksAndRejections (node:internal/process/task_queues:105:5)\n    at _runTest (/Users/voldeck/code/newdemo/node_modules/jest-circus/build/run.js:252:3)\n    at _runTestsForDescribeBlock (/Users/voldeck/code/newdemo/node_modules/jest-circus/build/run.js:126:9)\n    at _runTestsForDescribeBlock (/Users/voldeck/code/newdemo/node_modules/jest-circus/build/run.js:121:9)\n    at _runTestsForDescribeBlock (/Users/voldeck/code/newdemo/node_modules/jest-circus/build/run.js:121:9)\n    at run (/Users/voldeck/code/newdemo/node_modules/jest-circus/build/run.js:71:3)\n    at runAndTransformResultsToJestFormat (/Users/voldeck/code/newdemo/node_modules/jest-circus/build/legacy-code-todo-rewrite/jestAdapterInit.js:122:21)\n    at jestAdapter (/Users/voldeck/code/newdemo/node_modules/jest-circus/build/legacy-code-todo-rewrite/jestAdapter.js:79:19)\n    at runTestInternal (/Users/voldeck/code/newdemo/node_modules/jest-runner/build/runTest.js:367:16)\n    at runTest (/Users/voldeck/code/newdemo/node_modules/jest-runner/build/runTest.js:444:34)\n    at Object.worker (/Users/voldeck/code/newdemo/node_modules/jest-runner/build/testWorker.js:106:12)"],"fullName":"Query Classifier classifyQuery should classify correlation queries","invocations":1,"location":{"column":5,"line":12},"numPassingAsserts":0,"retryReasons":[],"status":"failed","title":"should classify correlation queries"},{"ancestorTitles":["Query Classifier","classifyQuery"],"duration":0,"failureDetails":[{"matcherResult":{"actual":{},"expected":"joint_high","message":"\u001b[2mexpect(\u001b[22m\u001b[31mreceived\u001b[39m\u001b[2m).\u001b[22mtoBe\u001b[2m(\u001b[22m\u001b[32mexpected\u001b[39m\u001b[2m) // Object.is equality\u001b[22m\n\nExpected: \u001b[32m\"joint_high\"\u001b[39m\nReceived: \u001b[31m{}\u001b[39m","name":"toBe","pass":false}}],"failureMessages":["Error: \u001b[2mexpect(\u001b[22m\u001b[31mreceived\u001b[39m\u001b[2m).\u001b[22mtoBe\u001b[2m(\u001b[22m\u001b[32mexpected\u001b[39m\u001b[2m) // Object.is equality\u001b[22m\n\nExpected: \u001b[32m\"joint_high\"\u001b[39m\nReceived: \u001b[31m{}\u001b[39m\n    at Object.<anonymous> (/Users/voldeck/code/newdemo/__tests__/query-classifier.test.ts:19:73)\n    at Promise.then.completed (/Users/voldeck/code/newdemo/node_modules/jest-circus/build/utils.js:298:28)\n    at new Promise (<anonymous>)\n    at callAsyncCircusFn (/Users/voldeck/code/newdemo/node_modules/jest-circus/build/utils.js:231:10)\n    at _callCircusTest (/Users/voldeck/code/newdemo/node_modules/jest-circus/build/run.js:316:40)\n    at processTicksAndRejections (node:internal/process/task_queues:105:5)\n    at _runTest (/Users/voldeck/code/newdemo/node_modules/jest-circus/build/run.js:252:3)\n    at _runTestsForDescribeBlock (/Users/voldeck/code/newdemo/node_modules/jest-circus/build/run.js:126:9)\n    at _runTestsForDescribeBlock (/Users/voldeck/code/newdemo/node_modules/jest-circus/build/run.js:121:9)\n    at _runTestsForDescribeBlock (/Users/voldeck/code/newdemo/node_modules/jest-circus/build/run.js:121:9)\n    at run (/Users/voldeck/code/newdemo/node_modules/jest-circus/build/run.js:71:3)\n    at runAndTransformResultsToJestFormat (/Users/voldeck/code/newdemo/node_modules/jest-circus/build/legacy-code-todo-rewrite/jestAdapterInit.js:122:21)\n    at jestAdapter (/Users/voldeck/code/newdemo/node_modules/jest-circus/build/legacy-code-todo-rewrite/jestAdapter.js:79:19)\n    at runTestInternal (/Users/voldeck/code/newdemo/node_modules/jest-runner/build/runTest.js:367:16)\n    at runTest (/Users/voldeck/code/newdemo/node_modules/jest-runner/build/runTest.js:444:34)\n    at Object.worker (/Users/voldeck/code/newdemo/node_modules/jest-runner/build/testWorker.js:106:12)"],"fullName":"Query Classifier classifyQuery should classify joint high queries","invocations":1,"location":{"column":5,"line":18},"numPassingAsserts":0,"retryReasons":[],"status":"failed","title":"should classify joint high queries"},{"ancestorTitles":["Query Classifier","classifyQuery"],"duration":39,"failureDetails":[{"matcherResult":{"actual":{},"expected":"trends","message":"\u001b[2mexpect(\u001b[22m\u001b[31mreceived\u001b[39m\u001b[2m).\u001b[22mtoBe\u001b[2m(\u001b[22m\u001b[32mexpected\u001b[39m\u001b[2m) // Object.is equality\u001b[22m\n\nExpected: \u001b[32m\"trends\"\u001b[39m\nReceived: \u001b[31m{}\u001b[39m","name":"toBe","pass":false}}],"failureMessages":["Error: \u001b[2mexpect(\u001b[22m\u001b[31mreceived\u001b[39m\u001b[2m).\u001b[22mtoBe\u001b[2m(\u001b[22m\u001b[32mexpected\u001b[39m\u001b[2m) // Object.is equality\u001b[22m\n\nExpected: \u001b[32m\"trends\"\u001b[39m\nReceived: \u001b[31m{}\u001b[39m\n    at Object.<anonymous> (/Users/voldeck/code/newdemo/__tests__/query-classifier.test.ts:25:62)\n    at Promise.then.completed (/Users/voldeck/code/newdemo/node_modules/jest-circus/build/utils.js:298:28)\n    at new Promise (<anonymous>)\n    at callAsyncCircusFn (/Users/voldeck/code/newdemo/node_modules/jest-circus/build/utils.js:231:10)\n    at _callCircusTest (/Users/voldeck/code/newdemo/node_modules/jest-circus/build/run.js:316:40)\n    at processTicksAndRejections (node:internal/process/task_queues:105:5)\n    at _runTest (/Users/voldeck/code/newdemo/node_modules/jest-circus/build/run.js:252:3)\n    at _runTestsForDescribeBlock (/Users/voldeck/code/newdemo/node_modules/jest-circus/build/run.js:126:9)\n    at _runTestsForDescribeBlock (/Users/voldeck/code/newdemo/node_modules/jest-circus/build/run.js:121:9)\n    at _runTestsForDescribeBlock (/Users/voldeck/code/newdemo/node_modules/jest-circus/build/run.js:121:9)\n    at run (/Users/voldeck/code/newdemo/node_modules/jest-circus/build/run.js:71:3)\n    at runAndTransformResultsToJestFormat (/Users/voldeck/code/newdemo/node_modules/jest-circus/build/legacy-code-todo-rewrite/jestAdapterInit.js:122:21)\n    at jestAdapter (/Users/voldeck/code/newdemo/node_modules/jest-circus/build/legacy-code-todo-rewrite/jestAdapter.js:79:19)\n    at runTestInternal (/Users/voldeck/code/newdemo/node_modules/jest-runner/build/runTest.js:367:16)\n    at runTest (/Users/voldeck/code/newdemo/node_modules/jest-runner/build/runTest.js:444:34)\n    at Object.worker (/Users/voldeck/code/newdemo/node_modules/jest-runner/build/testWorker.js:106:12)"],"fullName":"Query Classifier classifyQuery should classify trends queries","invocations":1,"location":{"column":5,"line":24},"numPassingAsserts":0,"retryReasons":[],"status":"failed","title":"should classify trends queries"},{"ancestorTitles":["Query Classifier","classifyQuery"],"duration":2,"failureDetails":[{"matcherResult":{"actual":{},"expected":"heatmap","message":"\u001b[2mexpect(\u001b[22m\u001b[31mreceived\u001b[39m\u001b[2m).\u001b[22mtoBe\u001b[2m(\u001b[22m\u001b[32mexpected\u001b[39m\u001b[2m) // Object.is equality\u001b[22m\n\nExpected: \u001b[32m\"heatmap\"\u001b[39m\nReceived: \u001b[31m{}\u001b[39m","name":"toBe","pass":false}}],"failureMessages":["Error: \u001b[2mexpect(\u001b[22m\u001b[31mreceived\u001b[39m\u001b[2m).\u001b[22mtoBe\u001b[2m(\u001b[22m\u001b[32mexpected\u001b[39m\u001b[2m) // Object.is equality\u001b[22m\n\nExpected: \u001b[32m\"heatmap\"\u001b[39m\nReceived: \u001b[31m{}\u001b[39m\n    at Object.<anonymous> (/Users/voldeck/code/newdemo/__tests__/query-classifier.test.ts:31:64)\n    at Promise.then.completed (/Users/voldeck/code/newdemo/node_modules/jest-circus/build/utils.js:298:28)\n    at new Promise (<anonymous>)\n    at callAsyncCircusFn (/Users/voldeck/code/newdemo/node_modules/jest-circus/build/utils.js:231:10)\n    at _callCircusTest (/Users/voldeck/code/newdemo/node_modules/jest-circus/build/run.js:316:40)\n    at processTicksAndRejections (node:internal/process/task_queues:105:5)\n    at _runTest (/Users/voldeck/code/newdemo/node_modules/jest-circus/build/run.js:252:3)\n    at _runTestsForDescribeBlock (/Users/voldeck/code/newdemo/node_modules/jest-circus/build/run.js:126:9)\n    at _runTestsForDescribeBlock (/Users/voldeck/code/newdemo/node_modules/jest-circus/build/run.js:121:9)\n    at _runTestsForDescribeBlock (/Users/voldeck/code/newdemo/node_modules/jest-circus/build/run.js:121:9)\n    at run (/Users/voldeck/code/newdemo/node_modules/jest-circus/build/run.js:71:3)\n    at runAndTransformResultsToJestFormat (/Users/voldeck/code/newdemo/node_modules/jest-circus/build/legacy-code-todo-rewrite/jestAdapterInit.js:122:21)\n    at jestAdapter (/Users/voldeck/code/newdemo/node_modules/jest-circus/build/legacy-code-todo-rewrite/jestAdapter.js:79:19)\n    at runTestInternal (/Users/voldeck/code/newdemo/node_modules/jest-runner/build/runTest.js:367:16)\n    at runTest (/Users/voldeck/code/newdemo/node_modules/jest-runner/build/runTest.js:444:34)\n    at Object.worker (/Users/voldeck/code/newdemo/node_modules/jest-runner/build/testWorker.js:106:12)"],"fullName":"Query Classifier classifyQuery should classify heatmap queries","invocations":1,"location":{"column":5,"line":30},"numPassingAsserts":0,"retryReasons":[],"status":"failed","title":"should classify heatmap queries"},{"ancestorTitles":["Query Classifier","enhanceAnalysisWithVisualization"],"duration":7,"failureDetails":[{"matcherResult":{"actual":"distribution","expected":"choropleth","message":"\u001b[2mexpect(\u001b[22m\u001b[31mreceived\u001b[39m\u001b[2m).\u001b[22mtoBe\u001b[2m(\u001b[22m\u001b[32mexpected\u001b[39m\u001b[2m) // Object.is equality\u001b[22m\n\nExpected: \u001b[32m\"choropleth\"\u001b[39m\nReceived: \u001b[31m\"distribution\"\u001b[39m","name":"toBe","pass":false}}],"failureMessages":["Error: \u001b[2mexpect(\u001b[22m\u001b[31mreceived\u001b[39m\u001b[2m).\u001b[22mtoBe\u001b[2m(\u001b[22m\u001b[32mexpected\u001b[39m\u001b[2m) // Object.is equality\u001b[22m\n\nExpected: \u001b[32m\"choropleth\"\u001b[39m\nReceived: \u001b[31m\"distribution\"\u001b[39m\n    at Object.<anonymous> (/Users/voldeck/code/newdemo/__tests__/query-classifier.test.ts:51:34)\n    at Promise.then.completed (/Users/voldeck/code/newdemo/node_modules/jest-circus/build/utils.js:298:28)\n    at new Promise (<anonymous>)\n    at callAsyncCircusFn (/Users/voldeck/code/newdemo/node_modules/jest-circus/build/utils.js:231:10)\n    at _callCircusTest (/Users/voldeck/code/newdemo/node_modules/jest-circus/build/run.js:316:40)\n    at processTicksAndRejections (node:internal/process/task_queues:105:5)\n    at _runTest (/Users/voldeck/code/newdemo/node_modules/jest-circus/build/run.js:252:3)\n    at _runTestsForDescribeBlock (/Users/voldeck/code/newdemo/node_modules/jest-circus/build/run.js:126:9)\n    at _runTestsForDescribeBlock (/Users/voldeck/code/newdemo/node_modules/jest-circus/build/run.js:121:9)\n    at _runTestsForDescribeBlock (/Users/voldeck/code/newdemo/node_modules/jest-circus/build/run.js:121:9)\n    at run (/Users/voldeck/code/newdemo/node_modules/jest-circus/build/run.js:71:3)\n    at runAndTransformResultsToJestFormat (/Users/voldeck/code/newdemo/node_modules/jest-circus/build/legacy-code-todo-rewrite/jestAdapterInit.js:122:21)\n    at jestAdapter (/Users/voldeck/code/newdemo/node_modules/jest-circus/build/legacy-code-todo-rewrite/jestAdapter.js:79:19)\n    at runTestInternal (/Users/voldeck/code/newdemo/node_modules/jest-runner/build/runTest.js:367:16)\n    at runTest (/Users/voldeck/code/newdemo/node_modules/jest-runner/build/runTest.js:444:34)\n    at Object.worker (/Users/voldeck/code/newdemo/node_modules/jest-runner/build/testWorker.js:106:12)"],"fullName":"Query Classifier enhanceAnalysisWithVisualization should enhance an analysis result with visualization type","invocations":1,"location":{"column":5,"line":38},"numPassingAsserts":1,"retryReasons":[],"status":"failed","title":"should enhance an analysis result with visualization type"},{"ancestorTitles":["Query Classifier","enhanceAnalysisWithVisualization"],"duration":1,"failureDetails":[{"matcherResult":{"actual":"choropleth","expected":"correlation","message":"\u001b[2mexpect(\u001b[22m\u001b[31mreceived\u001b[39m\u001b[2m).\u001b[22mtoBe\u001b[2m(\u001b[22m\u001b[32mexpected\u001b[39m\u001b[2m) // Object.is equality\u001b[22m\n\nExpected: \u001b[32m\"cor\u001b[7mrelation\u001b[27m\"\u001b[39m\nReceived: \u001b[31m\"c\u001b[7mh\u001b[27mor\u001b[7mopleth\u001b[27m\"\u001b[39m","name":"toBe","pass":false}}],"failureMessages":["Error: \u001b[2mexpect(\u001b[22m\u001b[31mreceived\u001b[39m\u001b[2m).\u001b[22mtoBe\u001b[2m(\u001b[22m\u001b[32mexpected\u001b[39m\u001b[2m) // Object.is equality\u001b[22m\n\nExpected: \u001b[32m\"cor\u001b[7mrelation\u001b[27m\"\u001b[39m\nReceived: \u001b[31m\"c\u001b[7mh\u001b[27mor\u001b[7mopleth\u001b[27m\"\u001b[39m\n    at Object.<anonymous> (/Users/voldeck/code/newdemo/__tests__/query-classifier.test.ts:68:42)\n    at Promise.then.completed (/Users/voldeck/code/newdemo/node_modules/jest-circus/build/utils.js:298:28)\n    at new Promise (<anonymous>)\n    at callAsyncCircusFn (/Users/voldeck/code/newdemo/node_modules/jest-circus/build/utils.js:231:10)\n    at _callCircusTest (/Users/voldeck/code/newdemo/node_modules/jest-circus/build/run.js:316:40)\n    at processTicksAndRejections (node:internal/process/task_queues:105:5)\n    at _runTest (/Users/voldeck/code/newdemo/node_modules/jest-circus/build/run.js:252:3)\n    at _runTestsForDescribeBlock (/Users/voldeck/code/newdemo/node_modules/jest-circus/build/run.js:126:9)\n    at _runTestsForDescribeBlock (/Users/voldeck/code/newdemo/node_modules/jest-circus/build/run.js:121:9)\n    at _runTestsForDescribeBlock (/Users/voldeck/code/newdemo/node_modules/jest-circus/build/run.js:121:9)\n    at run (/Users/voldeck/code/newdemo/node_modules/jest-circus/build/run.js:71:3)\n    at runAndTransformResultsToJestFormat (/Users/voldeck/code/newdemo/node_modules/jest-circus/build/legacy-code-todo-rewrite/jestAdapterInit.js:122:21)\n    at jestAdapter (/Users/voldeck/code/newdemo/node_modules/jest-circus/build/legacy-code-todo-rewrite/jestAdapter.js:79:19)\n    at runTestInternal (/Users/voldeck/code/newdemo/node_modules/jest-runner/build/runTest.js:367:16)\n    at runTest (/Users/voldeck/code/newdemo/node_modules/jest-runner/build/runTest.js:444:34)\n    at Object.worker (/Users/voldeck/code/newdemo/node_modules/jest-runner/build/testWorker.js:106:12)"],"fullName":"Query Classifier enhanceAnalysisWithVisualization should preserve existing visualization type if present","invocations":1,"location":{"column":5,"line":55},"numPassingAsserts":0,"retryReasons":[],"status":"failed","title":"should preserve existing visualization type if present"}],"endTime":1747710216504,"message":"\u001b[1m\u001b[31m  \u001b[1m● \u001b[22m\u001b[1mQuery Classifier › classifyQuery › should classify choropleth queries\u001b[39m\u001b[22m\n\n    \u001b[2mexpect(\u001b[22m\u001b[31mreceived\u001b[39m\u001b[2m).\u001b[22mtoBe\u001b[2m(\u001b[22m\u001b[32mexpected\u001b[39m\u001b[2m) // Object.is equality\u001b[22m\n\n    Expected: \u001b[32m\"choropleth\"\u001b[39m\n    Received: \u001b[31m{}\u001b[39m\n\u001b[2m\u001b[22m\n\u001b[2m    \u001b[0m \u001b[90m  5 |\u001b[39m   describe(\u001b[32m'classifyQuery'\u001b[39m\u001b[33m,\u001b[39m () \u001b[33m=>\u001b[39m {\u001b[22m\n\u001b[2m     \u001b[90m  6 |\u001b[39m     it(\u001b[32m'should classify choropleth queries'\u001b[39m\u001b[33m,\u001b[39m () \u001b[33m=>\u001b[39m {\u001b[22m\n\u001b[2m    \u001b[31m\u001b[1m>\u001b[22m\u001b[2m\u001b[39m\u001b[90m  7 |\u001b[39m       expect(classifyQuery(\u001b[32m'Show me income distribution across neighborhoods'\u001b[39m))\u001b[33m.\u001b[39mtoBe(\u001b[33mVisualizationType\u001b[39m\u001b[33m.\u001b[39m\u001b[33mCHOROPLETH\u001b[39m)\u001b[33m;\u001b[39m\u001b[22m\n\u001b[2m     \u001b[90m    |\u001b[39m                                                                                 \u001b[31m\u001b[1m^\u001b[22m\u001b[2m\u001b[39m\u001b[22m\n\u001b[2m     \u001b[90m  8 |\u001b[39m       expect(classifyQuery(\u001b[32m'Display education levels by region'\u001b[39m))\u001b[33m.\u001b[39mtoBe(\u001b[33mVisualizationType\u001b[39m\u001b[33m.\u001b[39m\u001b[33mCHOROPLETH\u001b[39m)\u001b[33m;\u001b[39m\u001b[22m\n\u001b[2m     \u001b[90m  9 |\u001b[39m       expect(classifyQuery(\u001b[32m'Visualize population distribution in the city'\u001b[39m))\u001b[33m.\u001b[39mtoBe(\u001b[33mVisualizationType\u001b[39m\u001b[33m.\u001b[39m\u001b[33mCHOROPLETH\u001b[39m)\u001b[33m;\u001b[39m\u001b[22m\n\u001b[2m     \u001b[90m 10 |\u001b[39m     })\u001b[33m;\u001b[39m\u001b[0m\u001b[22m\n\u001b[2m\u001b[22m\n\u001b[2m      \u001b[2mat Object.<anonymous> (\u001b[22m\u001b[2m\u001b[0m\u001b[36m__tests__/query-classifier.test.ts\u001b[39m\u001b[0m\u001b[2m:7:81)\u001b[22m\u001b[2m\u001b[22m\n\n\u001b[1m\u001b[31m  \u001b[1m● \u001b[22m\u001b[1mQuery Classifier › classifyQuery › should classify correlation queries\u001b[39m\u001b[22m\n\n    \u001b[2mexpect(\u001b[22m\u001b[31mreceived\u001b[39m\u001b[2m).\u001b[22mtoBe\u001b[2m(\u001b[22m\u001b[32mexpected\u001b[39m\u001b[2m) // Object.is equality\u001b[22m\n\n    Expected: \u001b[32m\"correlation\"\u001b[39m\n    Received: \u001b[31m{}\u001b[39m\n\u001b[2m\u001b[22m\n\u001b[2m    \u001b[0m \u001b[90m 11 |\u001b[39m\u001b[22m\n\u001b[2m     \u001b[90m 12 |\u001b[39m     it(\u001b[32m'should classify correlation queries'\u001b[39m\u001b[33m,\u001b[39m () \u001b[33m=>\u001b[39m {\u001b[22m\n\u001b[2m    \u001b[31m\u001b[1m>\u001b[22m\u001b[2m\u001b[39m\u001b[90m 13 |\u001b[39m       expect(classifyQuery(\u001b[32m'Show correlation between income and education'\u001b[39m))\u001b[33m.\u001b[39mtoBe(\u001b[33mVisualizationType\u001b[39m\u001b[33m.\u001b[39m\u001b[33mCORRELATION\u001b[39m)\u001b[33m;\u001b[39m\u001b[22m\n\u001b[2m     \u001b[90m    |\u001b[39m                                                                              \u001b[31m\u001b[1m^\u001b[22m\u001b[2m\u001b[39m\u001b[22m\n\u001b[2m     \u001b[90m 14 |\u001b[39m       expect(classifyQuery(\u001b[32m'Compare housing prices versus income levels'\u001b[39m))\u001b[33m.\u001b[39mtoBe(\u001b[33mVisualizationType\u001b[39m\u001b[33m.\u001b[39m\u001b[33mCORRELATION\u001b[39m)\u001b[33m;\u001b[39m\u001b[22m\n\u001b[2m     \u001b[90m 15 |\u001b[39m       expect(classifyQuery(\u001b[32m'What is the relationship between crime and poverty'\u001b[39m))\u001b[33m.\u001b[39mtoBe(\u001b[33mVisualizationType\u001b[39m\u001b[33m.\u001b[39m\u001b[33mCORRELATION\u001b[39m)\u001b[33m;\u001b[39m\u001b[22m\n\u001b[2m     \u001b[90m 16 |\u001b[39m     })\u001b[33m;\u001b[39m\u001b[0m\u001b[22m\n\u001b[2m\u001b[22m\n\u001b[2m      \u001b[2mat Object.<anonymous> (\u001b[22m\u001b[2m\u001b[0m\u001b[36m__tests__/query-classifier.test.ts\u001b[39m\u001b[0m\u001b[2m:13:78)\u001b[22m\u001b[2m\u001b[22m\n\n\u001b[1m\u001b[31m  \u001b[1m● \u001b[22m\u001b[1mQuery Classifier › classifyQuery › should classify joint high queries\u001b[39m\u001b[22m\n\n    \u001b[2mexpect(\u001b[22m\u001b[31mreceived\u001b[39m\u001b[2m).\u001b[22mtoBe\u001b[2m(\u001b[22m\u001b[32mexpected\u001b[39m\u001b[2m) // Object.is equality\u001b[22m\n\n    Expected: \u001b[32m\"joint_high\"\u001b[39m\n    Received: \u001b[31m{}\u001b[39m\n\u001b[2m\u001b[22m\n\u001b[2m    \u001b[0m \u001b[90m 17 |\u001b[39m\u001b[22m\n\u001b[2m     \u001b[90m 18 |\u001b[39m     it(\u001b[32m'should classify joint high queries'\u001b[39m\u001b[33m,\u001b[39m () \u001b[33m=>\u001b[39m {\u001b[22m\n\u001b[2m    \u001b[31m\u001b[1m>\u001b[22m\u001b[2m\u001b[39m\u001b[90m 19 |\u001b[39m       expect(classifyQuery(\u001b[32m'Where are both income and education high'\u001b[39m))\u001b[33m.\u001b[39mtoBe(\u001b[33mVisualizationType\u001b[39m\u001b[33m.\u001b[39m\u001b[33mJOINT_HIGH\u001b[39m)\u001b[33m;\u001b[39m\u001b[22m\n\u001b[2m     \u001b[90m    |\u001b[39m                                                                         \u001b[31m\u001b[1m^\u001b[22m\u001b[2m\u001b[39m\u001b[22m\n\u001b[2m     \u001b[90m 20 |\u001b[39m       expect(classifyQuery(\u001b[32m'Find areas with both high crime and poverty rates'\u001b[39m))\u001b[33m.\u001b[39mtoBe(\u001b[33mVisualizationType\u001b[39m\u001b[33m.\u001b[39m\u001b[33mJOINT_HIGH\u001b[39m)\u001b[33m;\u001b[39m\u001b[22m\n\u001b[2m     \u001b[90m 21 |\u001b[39m       expect(classifyQuery(\u001b[32m'Show regions where housing prices and income are simultaneously high'\u001b[39m))\u001b[33m.\u001b[39mtoBe(\u001b[33mVisualizationType\u001b[39m\u001b[33m.\u001b[39m\u001b[33mJOINT_HIGH\u001b[39m)\u001b[33m;\u001b[39m\u001b[22m\n\u001b[2m     \u001b[90m 22 |\u001b[39m     })\u001b[33m;\u001b[39m\u001b[0m\u001b[22m\n\u001b[2m\u001b[22m\n\u001b[2m      \u001b[2mat Object.<anonymous> (\u001b[22m\u001b[2m\u001b[0m\u001b[36m__tests__/query-classifier.test.ts\u001b[39m\u001b[0m\u001b[2m:19:73)\u001b[22m\u001b[2m\u001b[22m\n\n\u001b[1m\u001b[31m  \u001b[1m● \u001b[22m\u001b[1mQuery Classifier › classifyQuery › should classify trends queries\u001b[39m\u001b[22m\n\n    \u001b[2mexpect(\u001b[22m\u001b[31mreceived\u001b[39m\u001b[2m).\u001b[22mtoBe\u001b[2m(\u001b[22m\u001b[32mexpected\u001b[39m\u001b[2m) // Object.is equality\u001b[22m\n\n    Expected: \u001b[32m\"trends\"\u001b[39m\n    Received: \u001b[31m{}\u001b[39m\n\u001b[2m\u001b[22m\n\u001b[2m    \u001b[0m \u001b[90m 23 |\u001b[39m\u001b[22m\n\u001b[2m     \u001b[90m 24 |\u001b[39m     it(\u001b[32m'should classify trends queries'\u001b[39m\u001b[33m,\u001b[39m () \u001b[33m=>\u001b[39m {\u001b[22m\n\u001b[2m    \u001b[31m\u001b[1m>\u001b[22m\u001b[2m\u001b[39m\u001b[90m 25 |\u001b[39m       expect(classifyQuery(\u001b[32m'Show trends for NFL over time'\u001b[39m))\u001b[33m.\u001b[39mtoBe(\u001b[33mVisualizationType\u001b[39m\u001b[33m.\u001b[39m\u001b[33mTRENDS\u001b[39m)\u001b[33m;\u001b[39m\u001b[22m\n\u001b[2m     \u001b[90m    |\u001b[39m                                                              \u001b[31m\u001b[1m^\u001b[22m\u001b[2m\u001b[39m\u001b[22m\n\u001b[2m     \u001b[90m 26 |\u001b[39m       expect(classifyQuery(\u001b[32m'How has bitcoin changed over time'\u001b[39m))\u001b[33m.\u001b[39mtoBe(\u001b[33mVisualizationType\u001b[39m\u001b[33m.\u001b[39m\u001b[33mTRENDS\u001b[39m)\u001b[33m;\u001b[39m\u001b[22m\n\u001b[2m     \u001b[90m 27 |\u001b[39m       expect(classifyQuery(\u001b[32m'Display temporal patterns for COVID cases'\u001b[39m))\u001b[33m.\u001b[39mtoBe(\u001b[33mVisualizationType\u001b[39m\u001b[33m.\u001b[39m\u001b[33mTRENDS\u001b[39m)\u001b[33m;\u001b[39m\u001b[22m\n\u001b[2m     \u001b[90m 28 |\u001b[39m     })\u001b[33m;\u001b[39m\u001b[0m\u001b[22m\n\u001b[2m\u001b[22m\n\u001b[2m      \u001b[2mat Object.<anonymous> (\u001b[22m\u001b[2m\u001b[0m\u001b[36m__tests__/query-classifier.test.ts\u001b[39m\u001b[0m\u001b[2m:25:62)\u001b[22m\u001b[2m\u001b[22m\n\n\u001b[1m\u001b[31m  \u001b[1m● \u001b[22m\u001b[1mQuery Classifier › classifyQuery › should classify heatmap queries\u001b[39m\u001b[22m\n\n    \u001b[2mexpect(\u001b[22m\u001b[31mreceived\u001b[39m\u001b[2m).\u001b[22mtoBe\u001b[2m(\u001b[22m\u001b[32mexpected\u001b[39m\u001b[2m) // Object.is equality\u001b[22m\n\n    Expected: \u001b[32m\"heatmap\"\u001b[39m\n    Received: \u001b[31m{}\u001b[39m\n\u001b[2m\u001b[22m\n\u001b[2m    \u001b[0m \u001b[90m 29 |\u001b[39m\u001b[22m\n\u001b[2m     \u001b[90m 30 |\u001b[39m     it(\u001b[32m'should classify heatmap queries'\u001b[39m\u001b[33m,\u001b[39m () \u001b[33m=>\u001b[39m {\u001b[22m\n\u001b[2m    \u001b[31m\u001b[1m>\u001b[22m\u001b[2m\u001b[39m\u001b[90m 31 |\u001b[39m       expect(classifyQuery(\u001b[32m'Show density of crime incidents'\u001b[39m))\u001b[33m.\u001b[39mtoBe(\u001b[33mVisualizationType\u001b[39m\u001b[33m.\u001b[39m\u001b[33mHEATMAP\u001b[39m)\u001b[33m;\u001b[39m\u001b[22m\n\u001b[2m     \u001b[90m    |\u001b[39m                                                                \u001b[31m\u001b[1m^\u001b[22m\u001b[2m\u001b[39m\u001b[22m\n\u001b[2m     \u001b[90m 32 |\u001b[39m       expect(classifyQuery(\u001b[32m'Heat map of traffic accidents'\u001b[39m))\u001b[33m.\u001b[39mtoBe(\u001b[33mVisualizationType\u001b[39m\u001b[33m.\u001b[39m\u001b[33mHEATMAP\u001b[39m)\u001b[33m;\u001b[39m\u001b[22m\n\u001b[2m     \u001b[90m 33 |\u001b[39m       expect(classifyQuery(\u001b[32m'Where are restaurants concentrated'\u001b[39m))\u001b[33m.\u001b[39mtoBe(\u001b[33mVisualizationType\u001b[39m\u001b[33m.\u001b[39m\u001b[33mHEATMAP\u001b[39m)\u001b[33m;\u001b[39m\u001b[22m\n\u001b[2m     \u001b[90m 34 |\u001b[39m     })\u001b[33m;\u001b[39m\u001b[0m\u001b[22m\n\u001b[2m\u001b[22m\n\u001b[2m      \u001b[2mat Object.<anonymous> (\u001b[22m\u001b[2m\u001b[0m\u001b[36m__tests__/query-classifier.test.ts\u001b[39m\u001b[0m\u001b[2m:31:64)\u001b[22m\u001b[2m\u001b[22m\n\n\u001b[1m\u001b[31m  \u001b[1m● \u001b[22m\u001b[1mQuery Classifier › enhanceAnalysisWithVisualization › should enhance an analysis result with visualization type\u001b[39m\u001b[22m\n\n    \u001b[2mexpect(\u001b[22m\u001b[31mreceived\u001b[39m\u001b[2m).\u001b[22mtoBe\u001b[2m(\u001b[22m\u001b[32mexpected\u001b[39m\u001b[2m) // Object.is equality\u001b[22m\n\n    Expected: \u001b[32m\"choropleth\"\u001b[39m\n    Received: \u001b[31m\"distribution\"\u001b[39m\n\u001b[2m\u001b[22m\n\u001b[2m    \u001b[0m \u001b[90m 49 |\u001b[39m\u001b[22m\n\u001b[2m     \u001b[90m 50 |\u001b[39m       expect(enhanced\u001b[33m.\u001b[39mvisualizationType)\u001b[33m.\u001b[39mtoBe(\u001b[33mVisualizationType\u001b[39m\u001b[33m.\u001b[39m\u001b[33mCHOROPLETH\u001b[39m)\u001b[33m;\u001b[39m\u001b[22m\n\u001b[2m    \u001b[31m\u001b[1m>\u001b[22m\u001b[2m\u001b[39m\u001b[90m 51 |\u001b[39m       expect(enhanced\u001b[33m.\u001b[39mqueryType)\u001b[33m.\u001b[39mtoBe(\u001b[33mVisualizationType\u001b[39m\u001b[33m.\u001b[39m\u001b[33mCHOROPLETH\u001b[39m)\u001b[33m;\u001b[39m\u001b[22m\n\u001b[2m     \u001b[90m    |\u001b[39m                                  \u001b[31m\u001b[1m^\u001b[22m\u001b[2m\u001b[39m\u001b[22m\n\u001b[2m     \u001b[90m 52 |\u001b[39m       expect(enhanced\u001b[33m.\u001b[39moriginalQueryType)\u001b[33m.\u001b[39mtoBe(\u001b[32m'distribution'\u001b[39m)\u001b[33m;\u001b[39m\u001b[22m\n\u001b[2m     \u001b[90m 53 |\u001b[39m     })\u001b[33m;\u001b[39m\u001b[22m\n\u001b[2m     \u001b[90m 54 |\u001b[39m\u001b[0m\u001b[22m\n\u001b[2m\u001b[22m\n\u001b[2m      \u001b[2mat Object.<anonymous> (\u001b[22m\u001b[2m\u001b[0m\u001b[36m__tests__/query-classifier.test.ts\u001b[39m\u001b[0m\u001b[2m:51:34)\u001b[22m\u001b[2m\u001b[22m\n\n\u001b[1m\u001b[31m  \u001b[1m● \u001b[22m\u001b[1mQuery Classifier › enhanceAnalysisWithVisualization › should preserve existing visualization type if present\u001b[39m\u001b[22m\n\n    \u001b[2mexpect(\u001b[22m\u001b[31mreceived\u001b[39m\u001b[2m).\u001b[22mtoBe\u001b[2m(\u001b[22m\u001b[32mexpected\u001b[39m\u001b[2m) // Object.is equality\u001b[22m\n\n    Expected: \u001b[32m\"cor\u001b[7mrelation\u001b[27m\"\u001b[39m\n    Received: \u001b[31m\"c\u001b[7mh\u001b[27mor\u001b[7mopleth\u001b[27m\"\u001b[39m\n\u001b[2m\u001b[22m\n\u001b[2m    \u001b[0m \u001b[90m 66 |\u001b[39m       \u001b[36mconst\u001b[39m enhanced \u001b[33m=\u001b[39m enhanceAnalysisWithVisualization(analysisResult)\u001b[33m;\u001b[39m\u001b[22m\n\u001b[2m     \u001b[90m 67 |\u001b[39m\u001b[22m\n\u001b[2m    \u001b[31m\u001b[1m>\u001b[22m\u001b[2m\u001b[39m\u001b[90m 68 |\u001b[39m       expect(enhanced\u001b[33m.\u001b[39mvisualizationType)\u001b[33m.\u001b[39mtoBe(\u001b[33mVisualizationType\u001b[39m\u001b[33m.\u001b[39m\u001b[33mCORRELATION\u001b[39m)\u001b[33m;\u001b[39m\u001b[22m\n\u001b[2m     \u001b[90m    |\u001b[39m                                          \u001b[31m\u001b[1m^\u001b[22m\u001b[2m\u001b[39m\u001b[22m\n\u001b[2m     \u001b[90m 69 |\u001b[39m       expect(enhanced\u001b[33m.\u001b[39mqueryType)\u001b[33m.\u001b[39mtoBe(\u001b[33mVisualizationType\u001b[39m\u001b[33m.\u001b[39m\u001b[33mCORRELATION\u001b[39m)\u001b[33m;\u001b[39m\u001b[22m\n\u001b[2m     \u001b[90m 70 |\u001b[39m     })\u001b[33m;\u001b[39m\u001b[22m\n\u001b[2m     \u001b[90m 71 |\u001b[39m   })\u001b[33m;\u001b[39m\u001b[0m\u001b[22m\n\u001b[2m\u001b[22m\n\u001b[2m      \u001b[2mat Object.<anonymous> (\u001b[22m\u001b[2m\u001b[0m\u001b[36m__tests__/query-classifier.test.ts\u001b[39m\u001b[0m\u001b[2m:68:42)\u001b[22m\u001b[2m\u001b[22m\n","name":"/Users/voldeck/code/newdemo/__tests__/query-classifier.test.ts","startTime":1747710214810,"status":"failed","summary":""},{"assertionResults":[{"ancestorTitles":["QueryClassifier","classifyQuery"],"duration":28,"failureDetails":[{"matcherResult":{"actual":"heatmap","expected":"choropleth","message":"\u001b[2mexpect(\u001b[22m\u001b[31mreceived\u001b[39m\u001b[2m).\u001b[22mtoBe\u001b[2m(\u001b[22m\u001b[32mexpected\u001b[39m\u001b[2m) // Object.is equality\u001b[22m\n\nExpected: \u001b[32m\"choropleth\"\u001b[39m\nReceived: \u001b[31m\"heatmap\"\u001b[39m","name":"toBe","pass":false}}],"failureMessages":["Error: \u001b[2mexpect(\u001b[22m\u001b[31mreceived\u001b[39m\u001b[2m).\u001b[22mtoBe\u001b[2m(\u001b[22m\u001b[32mexpected\u001b[39m\u001b[2m) // Object.is equality\u001b[22m\n\nExpected: \u001b[32m\"choropleth\"\u001b[39m\nReceived: \u001b[31m\"heatmap\"\u001b[39m\n    at Object.<anonymous> (/Users/voldeck/code/newdemo/__tests__/lib/query-classifier.test.ts:22:35)\n    at processTicksAndRejections (node:internal/process/task_queues:105:5)"],"fullName":"QueryClassifier classifyQuery should classify choropleth queries correctly","invocations":1,"location":{"column":5,"line":12},"numPassingAsserts":2,"retryReasons":[],"status":"failed","title":"should classify choropleth queries correctly"},{"ancestorTitles":["QueryClassifier","classifyQuery"],"duration":1,"failureDetails":[],"failureMessages":[],"fullName":"QueryClassifier classifyQuery should classify heatmap queries correctly","invocations":1,"location":{"column":5,"line":26},"numPassingAsserts":4,"retryReasons":[],"status":"passed","title":"should classify heatmap queries correctly"},{"ancestorTitles":["QueryClassifier","classifyQuery"],"duration":39,"failureDetails":[{"matcherResult":{"actual":"choropleth","expected":"scatter","message":"\u001b[2mexpect(\u001b[22m\u001b[31mreceived\u001b[39m\u001b[2m).\u001b[22mtoBe\u001b[2m(\u001b[22m\u001b[32mexpected\u001b[39m\u001b[2m) // Object.is equality\u001b[22m\n\nExpected: \u001b[32m\"scatter\"\u001b[39m\nReceived: \u001b[31m\"choropleth\"\u001b[39m","name":"toBe","pass":false}}],"failureMessages":["Error: \u001b[2mexpect(\u001b[22m\u001b[31mreceived\u001b[39m\u001b[2m).\u001b[22mtoBe\u001b[2m(\u001b[22m\u001b[32mexpected\u001b[39m\u001b[2m) // Object.is equality\u001b[22m\n\nExpected: \u001b[32m\"scatter\"\u001b[39m\nReceived: \u001b[31m\"choropleth\"\u001b[39m\n    at Object.<anonymous> (/Users/voldeck/code/newdemo/__tests__/lib/query-classifier.test.ts:50:35)\n    at processTicksAndRejections (node:internal/process/task_queues:105:5)"],"fullName":"QueryClassifier classifyQuery should classify scatter queries correctly","invocations":1,"location":{"column":5,"line":40},"numPassingAsserts":1,"retryReasons":[],"status":"failed","title":"should classify scatter queries correctly"},{"ancestorTitles":["QueryClassifier","classifyQuery"],"duration":7,"failureDetails":[],"failureMessages":[],"fullName":"QueryClassifier classifyQuery should classify buffer queries correctly","invocations":1,"location":{"column":5,"line":54},"numPassingAsserts":4,"retryReasons":[],"status":"passed","title":"should classify buffer queries correctly"},{"ancestorTitles":["QueryClassifier","classifyQuery"],"duration":5,"failureDetails":[{"matcherResult":{"actual":"choropleth","expected":"hotspot","message":"\u001b[2mexpect(\u001b[22m\u001b[31mreceived\u001b[39m\u001b[2m).\u001b[22mtoBe\u001b[2m(\u001b[22m\u001b[32mexpected\u001b[39m\u001b[2m) // Object.is equality\u001b[22m\n\nExpected: \u001b[32m\"ho\u001b[7mtspot\u001b[27m\"\u001b[39m\nReceived: \u001b[31m\"\u001b[7mc\u001b[27mho\u001b[7mropleth\u001b[27m\"\u001b[39m","name":"toBe","pass":false}}],"failureMessages":["Error: \u001b[2mexpect(\u001b[22m\u001b[31mreceived\u001b[39m\u001b[2m).\u001b[22mtoBe\u001b[2m(\u001b[22m\u001b[32mexpected\u001b[39m\u001b[2m) // Object.is equality\u001b[22m\n\nExpected: \u001b[32m\"ho\u001b[7mtspot\u001b[27m\"\u001b[39m\nReceived: \u001b[31m\"\u001b[7mc\u001b[27mho\u001b[7mropleth\u001b[27m\"\u001b[39m\n    at Object.<anonymous> (/Users/voldeck/code/newdemo/__tests__/lib/query-classifier.test.ts:78:35)\n    at processTicksAndRejections (node:internal/process/task_queues:105:5)"],"fullName":"QueryClassifier classifyQuery should classify hotspot queries correctly","invocations":1,"location":{"column":5,"line":68},"numPassingAsserts":1,"retryReasons":[],"status":"failed","title":"should classify hotspot queries correctly"},{"ancestorTitles":["QueryClassifier","classifyQuery"],"duration":0,"failureDetails":[],"failureMessages":[],"fullName":"QueryClassifier classifyQuery should classify network queries correctly","invocations":1,"location":{"column":5,"line":82},"numPassingAsserts":4,"retryReasons":[],"status":"passed","title":"should classify network queries correctly"},{"ancestorTitles":["QueryClassifier","classifyQuery"],"duration":1,"failureDetails":[{"matcherResult":{"actual":"network","expected":"multivariate","message":"\u001b[2mexpect(\u001b[22m\u001b[31mreceived\u001b[39m\u001b[2m).\u001b[22mtoBe\u001b[2m(\u001b[22m\u001b[32mexpected\u001b[39m\u001b[2m) // Object.is equality\u001b[22m\n\nExpected: \u001b[32m\"multivariate\"\u001b[39m\nReceived: \u001b[31m\"network\"\u001b[39m","name":"toBe","pass":false}}],"failureMessages":["Error: \u001b[2mexpect(\u001b[22m\u001b[31mreceived\u001b[39m\u001b[2m).\u001b[22mtoBe\u001b[2m(\u001b[22m\u001b[32mexpected\u001b[39m\u001b[2m) // Object.is equality\u001b[22m\n\nExpected: \u001b[32m\"multivariate\"\u001b[39m\nReceived: \u001b[31m\"network\"\u001b[39m\n    at Object.<anonymous> (/Users/voldeck/code/newdemo/__tests__/lib/query-classifier.test.ts:106:35)\n    at processTicksAndRejections (node:internal/process/task_queues:105:5)"],"fullName":"QueryClassifier classifyQuery should classify multivariate queries correctly","invocations":1,"location":{"column":5,"line":96},"numPassingAsserts":2,"retryReasons":[],"status":"failed","title":"should classify multivariate queries correctly"},{"ancestorTitles":["QueryClassifier","classifyAnalysisResult"],"duration":1,"failureDetails":[{"matcherResult":{"actual":"choropleth","expected":"hotspot","message":"\u001b[2mexpect(\u001b[22m\u001b[31mreceived\u001b[39m\u001b[2m).\u001b[22mtoBe\u001b[2m(\u001b[22m\u001b[32mexpected\u001b[39m\u001b[2m) // Object.is equality\u001b[22m\n\nExpected: \u001b[32m\"ho\u001b[7mtspot\u001b[27m\"\u001b[39m\nReceived: \u001b[31m\"\u001b[7mc\u001b[27mho\u001b[7mropleth\u001b[27m\"\u001b[39m","name":"toBe","pass":false}}],"failureMessages":["Error: \u001b[2mexpect(\u001b[22m\u001b[31mreceived\u001b[39m\u001b[2m).\u001b[22mtoBe\u001b[2m(\u001b[22m\u001b[32mexpected\u001b[39m\u001b[2m) // Object.is equality\u001b[22m\n\nExpected: \u001b[32m\"ho\u001b[7mtspot\u001b[27m\"\u001b[39m\nReceived: \u001b[31m\"\u001b[7mc\u001b[27mho\u001b[7mropleth\u001b[27m\"\u001b[39m\n    at Object.<anonymous> (/Users/voldeck/code/newdemo/__tests__/lib/query-classifier.test.ts:123:33)\n    at processTicksAndRejections (node:internal/process/task_queues:105:5)"],"fullName":"QueryClassifier classifyAnalysisResult should classify based on query in analysisResult","invocations":1,"location":{"column":5,"line":112},"numPassingAsserts":0,"retryReasons":[],"status":"failed","title":"should classify based on query in analysisResult"},{"ancestorTitles":["QueryClassifier","classifyAnalysisResult"],"duration":1,"failureDetails":[{"matcherResult":{"actual":"comparison","expected":"multivariate","message":"\u001b[2mexpect(\u001b[22m\u001b[31mreceived\u001b[39m\u001b[2m).\u001b[22mtoBe\u001b[2m(\u001b[22m\u001b[32mexpected\u001b[39m\u001b[2m) // Object.is equality\u001b[22m\n\nExpected: \u001b[32m\"multivariate\"\u001b[39m\nReceived: \u001b[31m\"comparison\"\u001b[39m","name":"toBe","pass":false}}],"failureMessages":["Error: \u001b[2mexpect(\u001b[22m\u001b[31mreceived\u001b[39m\u001b[2m).\u001b[22mtoBe\u001b[2m(\u001b[22m\u001b[32mexpected\u001b[39m\u001b[2m) // Object.is equality\u001b[22m\n\nExpected: \u001b[32m\"multivariate\"\u001b[39m\nReceived: \u001b[31m\"comparison\"\u001b[39m\n    at Object.<anonymous> (/Users/voldeck/code/newdemo/__tests__/lib/query-classifier.test.ts:138:33)\n    at processTicksAndRejections (node:internal/process/task_queues:105:5)"],"fullName":"QueryClassifier classifyAnalysisResult should use relevantFields for better classification","invocations":1,"location":{"column":5,"line":126},"numPassingAsserts":0,"retryReasons":[],"status":"failed","title":"should use relevantFields for better classification"},{"ancestorTitles":["QueryClassifier","Pattern matching"],"duration":0,"failureDetails":[],"failureMessages":[],"fullName":"QueryClassifier Pattern matching should detect buffer distances correctly","invocations":1,"location":{"column":5,"line":143},"numPassingAsserts":1,"retryReasons":[],"status":"passed","title":"should detect buffer distances correctly"},{"ancestorTitles":["QueryClassifier","Pattern matching"],"duration":0,"failureDetails":[],"failureMessages":[],"fullName":"QueryClassifier Pattern matching should detect network relationships correctly","invocations":1,"location":{"column":5,"line":149},"numPassingAsserts":1,"retryReasons":[],"status":"passed","title":"should detect network relationships correctly"},{"ancestorTitles":["QueryClassifier","Pattern matching"],"duration":0,"failureDetails":[],"failureMessages":[],"fullName":"QueryClassifier Pattern matching should detect bivariate patterns correctly","invocations":1,"location":{"column":5,"line":155},"numPassingAsserts":1,"retryReasons":[],"status":"passed","title":"should detect bivariate patterns correctly"}],"endTime":1747710216511,"message":"\u001b[1m\u001b[31m  \u001b[1m● \u001b[22m\u001b[1mQueryClassifier › classifyQuery › should classify choropleth queries correctly\u001b[39m\u001b[22m\n\n    \u001b[2mexpect(\u001b[22m\u001b[31mreceived\u001b[39m\u001b[2m).\u001b[22mtoBe\u001b[2m(\u001b[22m\u001b[32mexpected\u001b[39m\u001b[2m) // Object.is equality\u001b[22m\n\n    Expected: \u001b[32m\"choropleth\"\u001b[39m\n    Received: \u001b[31m\"heatmap\"\u001b[39m\n\u001b[2m\u001b[22m\n\u001b[2m    \u001b[0m \u001b[90m 20 |\u001b[39m       \u001b[36mfor\u001b[39m (\u001b[36mconst\u001b[39m query \u001b[36mof\u001b[39m queries) {\u001b[22m\n\u001b[2m     \u001b[90m 21 |\u001b[39m         \u001b[36mconst\u001b[39m visualizationType \u001b[33m=\u001b[39m \u001b[36mawait\u001b[39m classifyQuery(query)\u001b[33m;\u001b[39m\u001b[22m\n\u001b[2m    \u001b[31m\u001b[1m>\u001b[22m\u001b[2m\u001b[39m\u001b[90m 22 |\u001b[39m         expect(visualizationType)\u001b[33m.\u001b[39mtoBe(\u001b[33mVisualizationType\u001b[39m\u001b[33m.\u001b[39m\u001b[33mCHOROPLETH\u001b[39m)\u001b[33m;\u001b[39m\u001b[22m\n\u001b[2m     \u001b[90m    |\u001b[39m                                   \u001b[31m\u001b[1m^\u001b[22m\u001b[2m\u001b[39m\u001b[22m\n\u001b[2m     \u001b[90m 23 |\u001b[39m       }\u001b[22m\n\u001b[2m     \u001b[90m 24 |\u001b[39m     })\u001b[33m;\u001b[39m\u001b[22m\n\u001b[2m     \u001b[90m 25 |\u001b[39m\u001b[0m\u001b[22m\n\u001b[2m\u001b[22m\n\u001b[2m      \u001b[2mat Object.<anonymous> (\u001b[22m\u001b[2m\u001b[0m\u001b[36m__tests__/lib/query-classifier.test.ts\u001b[39m\u001b[0m\u001b[2m:22:35)\u001b[22m\u001b[2m\u001b[22m\n\n\u001b[1m\u001b[31m  \u001b[1m● \u001b[22m\u001b[1mQueryClassifier › classifyQuery › should classify scatter queries correctly\u001b[39m\u001b[22m\n\n    \u001b[2mexpect(\u001b[22m\u001b[31mreceived\u001b[39m\u001b[2m).\u001b[22mtoBe\u001b[2m(\u001b[22m\u001b[32mexpected\u001b[39m\u001b[2m) // Object.is equality\u001b[22m\n\n    Expected: \u001b[32m\"scatter\"\u001b[39m\n    Received: \u001b[31m\"choropleth\"\u001b[39m\n\u001b[2m\u001b[22m\n\u001b[2m    \u001b[0m \u001b[90m 48 |\u001b[39m       \u001b[36mfor\u001b[39m (\u001b[36mconst\u001b[39m query \u001b[36mof\u001b[39m queries) {\u001b[22m\n\u001b[2m     \u001b[90m 49 |\u001b[39m         \u001b[36mconst\u001b[39m visualizationType \u001b[33m=\u001b[39m \u001b[36mawait\u001b[39m classifyQuery(query)\u001b[33m;\u001b[39m\u001b[22m\n\u001b[2m    \u001b[31m\u001b[1m>\u001b[22m\u001b[2m\u001b[39m\u001b[90m 50 |\u001b[39m         expect(visualizationType)\u001b[33m.\u001b[39mtoBe(\u001b[33mVisualizationType\u001b[39m\u001b[33m.\u001b[39m\u001b[33mSCATTER\u001b[39m)\u001b[33m;\u001b[39m\u001b[22m\n\u001b[2m     \u001b[90m    |\u001b[39m                                   \u001b[31m\u001b[1m^\u001b[22m\u001b[2m\u001b[39m\u001b[22m\n\u001b[2m     \u001b[90m 51 |\u001b[39m       }\u001b[22m\n\u001b[2m     \u001b[90m 52 |\u001b[39m     })\u001b[33m;\u001b[39m\u001b[22m\n\u001b[2m     \u001b[90m 53 |\u001b[39m\u001b[0m\u001b[22m\n\u001b[2m\u001b[22m\n\u001b[2m      \u001b[2mat Object.<anonymous> (\u001b[22m\u001b[2m\u001b[0m\u001b[36m__tests__/lib/query-classifier.test.ts\u001b[39m\u001b[0m\u001b[2m:50:35)\u001b[22m\u001b[2m\u001b[22m\n\n\u001b[1m\u001b[31m  \u001b[1m● \u001b[22m\u001b[1mQueryClassifier › classifyQuery › should classify hotspot queries correctly\u001b[39m\u001b[22m\n\n    \u001b[2mexpect(\u001b[22m\u001b[31mreceived\u001b[39m\u001b[2m).\u001b[22mtoBe\u001b[2m(\u001b[22m\u001b[32mexpected\u001b[39m\u001b[2m) // Object.is equality\u001b[22m\n\n    Expected: \u001b[32m\"ho\u001b[7mtspot\u001b[27m\"\u001b[39m\n    Received: \u001b[31m\"\u001b[7mc\u001b[27mho\u001b[7mropleth\u001b[27m\"\u001b[39m\n\u001b[2m\u001b[22m\n\u001b[2m    \u001b[0m \u001b[90m 76 |\u001b[39m       \u001b[36mfor\u001b[39m (\u001b[36mconst\u001b[39m query \u001b[36mof\u001b[39m queries) {\u001b[22m\n\u001b[2m     \u001b[90m 77 |\u001b[39m         \u001b[36mconst\u001b[39m visualizationType \u001b[33m=\u001b[39m \u001b[36mawait\u001b[39m classifyQuery(query)\u001b[33m;\u001b[39m\u001b[22m\n\u001b[2m    \u001b[31m\u001b[1m>\u001b[22m\u001b[2m\u001b[39m\u001b[90m 78 |\u001b[39m         expect(visualizationType)\u001b[33m.\u001b[39mtoBe(\u001b[33mVisualizationType\u001b[39m\u001b[33m.\u001b[39m\u001b[33mHOTSPOT\u001b[39m)\u001b[33m;\u001b[39m\u001b[22m\n\u001b[2m     \u001b[90m    |\u001b[39m                                   \u001b[31m\u001b[1m^\u001b[22m\u001b[2m\u001b[39m\u001b[22m\n\u001b[2m     \u001b[90m 79 |\u001b[39m       }\u001b[22m\n\u001b[2m     \u001b[90m 80 |\u001b[39m     })\u001b[33m;\u001b[39m\u001b[22m\n\u001b[2m     \u001b[90m 81 |\u001b[39m\u001b[0m\u001b[22m\n\u001b[2m\u001b[22m\n\u001b[2m      \u001b[2mat Object.<anonymous> (\u001b[22m\u001b[2m\u001b[0m\u001b[36m__tests__/lib/query-classifier.test.ts\u001b[39m\u001b[0m\u001b[2m:78:35)\u001b[22m\u001b[2m\u001b[22m\n\n\u001b[1m\u001b[31m  \u001b[1m● \u001b[22m\u001b[1mQueryClassifier › classifyQuery › should classify multivariate queries correctly\u001b[39m\u001b[22m\n\n    \u001b[2mexpect(\u001b[22m\u001b[31mreceived\u001b[39m\u001b[2m).\u001b[22mtoBe\u001b[2m(\u001b[22m\u001b[32mexpected\u001b[39m\u001b[2m) // Object.is equality\u001b[22m\n\n    Expected: \u001b[32m\"multivariate\"\u001b[39m\n    Received: \u001b[31m\"network\"\u001b[39m\n\u001b[2m\u001b[22m\n\u001b[2m    \u001b[0m \u001b[90m 104 |\u001b[39m       \u001b[36mfor\u001b[39m (\u001b[36mconst\u001b[39m query \u001b[36mof\u001b[39m queries) {\u001b[22m\n\u001b[2m     \u001b[90m 105 |\u001b[39m         \u001b[36mconst\u001b[39m visualizationType \u001b[33m=\u001b[39m \u001b[36mawait\u001b[39m classifyQuery(query)\u001b[33m;\u001b[39m\u001b[22m\n\u001b[2m    \u001b[31m\u001b[1m>\u001b[22m\u001b[2m\u001b[39m\u001b[90m 106 |\u001b[39m         expect(visualizationType)\u001b[33m.\u001b[39mtoBe(\u001b[33mVisualizationType\u001b[39m\u001b[33m.\u001b[39m\u001b[33mMULTIVARIATE\u001b[39m)\u001b[33m;\u001b[39m\u001b[22m\n\u001b[2m     \u001b[90m     |\u001b[39m                                   \u001b[31m\u001b[1m^\u001b[22m\u001b[2m\u001b[39m\u001b[22m\n\u001b[2m     \u001b[90m 107 |\u001b[39m       }\u001b[22m\n\u001b[2m     \u001b[90m 108 |\u001b[39m     })\u001b[33m;\u001b[39m\u001b[22m\n\u001b[2m     \u001b[90m 109 |\u001b[39m   })\u001b[33m;\u001b[39m\u001b[0m\u001b[22m\n\u001b[2m\u001b[22m\n\u001b[2m      \u001b[2mat Object.<anonymous> (\u001b[22m\u001b[2m\u001b[0m\u001b[36m__tests__/lib/query-classifier.test.ts\u001b[39m\u001b[0m\u001b[2m:106:35)\u001b[22m\u001b[2m\u001b[22m\n\n\u001b[1m\u001b[31m  \u001b[1m● \u001b[22m\u001b[1mQueryClassifier › classifyAnalysisResult › should classify based on query in analysisResult\u001b[39m\u001b[22m\n\n    \u001b[2mexpect(\u001b[22m\u001b[31mreceived\u001b[39m\u001b[2m).\u001b[22mtoBe\u001b[2m(\u001b[22m\u001b[32mexpected\u001b[39m\u001b[2m) // Object.is equality\u001b[22m\n\n    Expected: \u001b[32m\"ho\u001b[7mtspot\u001b[27m\"\u001b[39m\n    Received: \u001b[31m\"\u001b[7mc\u001b[27mho\u001b[7mropleth\u001b[27m\"\u001b[39m\n\u001b[2m\u001b[22m\n\u001b[2m    \u001b[0m \u001b[90m 121 |\u001b[39m       \u001b[22m\n\u001b[2m     \u001b[90m 122 |\u001b[39m       \u001b[36mconst\u001b[39m visualizationType \u001b[33m=\u001b[39m \u001b[36mawait\u001b[39m queryClassifier\u001b[33m.\u001b[39mclassifyAnalysisResult(analysisResult)\u001b[33m;\u001b[39m\u001b[22m\n\u001b[2m    \u001b[31m\u001b[1m>\u001b[22m\u001b[2m\u001b[39m\u001b[90m 123 |\u001b[39m       expect(visualizationType)\u001b[33m.\u001b[39mtoBe(\u001b[33mVisualizationType\u001b[39m\u001b[33m.\u001b[39m\u001b[33mHOTSPOT\u001b[39m)\u001b[33m;\u001b[39m\u001b[22m\n\u001b[2m     \u001b[90m     |\u001b[39m                                 \u001b[31m\u001b[1m^\u001b[22m\u001b[2m\u001b[39m\u001b[22m\n\u001b[2m     \u001b[90m 124 |\u001b[39m     })\u001b[33m;\u001b[39m\u001b[22m\n\u001b[2m     \u001b[90m 125 |\u001b[39m     \u001b[22m\n\u001b[2m     \u001b[90m 126 |\u001b[39m     it(\u001b[32m'should use relevantFields for better classification'\u001b[39m\u001b[33m,\u001b[39m \u001b[36masync\u001b[39m () \u001b[33m=>\u001b[39m {\u001b[0m\u001b[22m\n\u001b[2m\u001b[22m\n\u001b[2m      \u001b[2mat Object.<anonymous> (\u001b[22m\u001b[2m\u001b[0m\u001b[36m__tests__/lib/query-classifier.test.ts\u001b[39m\u001b[0m\u001b[2m:123:33)\u001b[22m\u001b[2m\u001b[22m\n\n\u001b[1m\u001b[31m  \u001b[1m● \u001b[22m\u001b[1mQueryClassifier › classifyAnalysisResult › should use relevantFields for better classification\u001b[39m\u001b[22m\n\n    \u001b[2mexpect(\u001b[22m\u001b[31mreceived\u001b[39m\u001b[2m).\u001b[22mtoBe\u001b[2m(\u001b[22m\u001b[32mexpected\u001b[39m\u001b[2m) // Object.is equality\u001b[22m\n\n    Expected: \u001b[32m\"multivariate\"\u001b[39m\n    Received: \u001b[31m\"comparison\"\u001b[39m\n\u001b[2m\u001b[22m\n\u001b[2m    \u001b[0m \u001b[90m 136 |\u001b[39m       \u001b[22m\n\u001b[2m     \u001b[90m 137 |\u001b[39m       \u001b[36mconst\u001b[39m visualizationType \u001b[33m=\u001b[39m \u001b[36mawait\u001b[39m queryClassifier\u001b[33m.\u001b[39mclassifyAnalysisResult(analysisResult)\u001b[33m;\u001b[39m\u001b[22m\n\u001b[2m    \u001b[31m\u001b[1m>\u001b[22m\u001b[2m\u001b[39m\u001b[90m 138 |\u001b[39m       expect(visualizationType)\u001b[33m.\u001b[39mtoBe(\u001b[33mVisualizationType\u001b[39m\u001b[33m.\u001b[39m\u001b[33mMULTIVARIATE\u001b[39m)\u001b[33m;\u001b[39m\u001b[22m\n\u001b[2m     \u001b[90m     |\u001b[39m                                 \u001b[31m\u001b[1m^\u001b[22m\u001b[2m\u001b[39m\u001b[22m\n\u001b[2m     \u001b[90m 139 |\u001b[39m     })\u001b[33m;\u001b[39m\u001b[22m\n\u001b[2m     \u001b[90m 140 |\u001b[39m   })\u001b[33m;\u001b[39m\u001b[22m\n\u001b[2m     \u001b[90m 141 |\u001b[39m\u001b[0m\u001b[22m\n\u001b[2m\u001b[22m\n\u001b[2m      \u001b[2mat Object.<anonymous> (\u001b[22m\u001b[2m\u001b[0m\u001b[36m__tests__/lib/query-classifier.test.ts\u001b[39m\u001b[0m\u001b[2m:138:33)\u001b[22m\u001b[2m\u001b[22m\n","name":"/Users/voldeck/code/newdemo/__tests__/lib/query-classifier.test.ts","startTime":1747710214761,"status":"failed","summary":""},{"assertionResults":[{"ancestorTitles":["Comprehensive Query Classifier Tests","Testing all 16 visualization types with multiple query variations","choropleth visualization type"],"duration":4,"failureDetails":[],"failureMessages":[],"fullName":"Comprehensive Query Classifier Tests Testing all 16 visualization types with multiple query variations choropleth visualization type should classify \"Show me income distribution across counties\" as choropleth","invocations":1,"location":{"column":11,"line":174},"numPassingAsserts":1,"retryReasons":[],"status":"passed","title":"should classify \"Show me income distribution across counties\" as choropleth"},{"ancestorTitles":["Comprehensive Query Classifier Tests","Testing all 16 visualization types with multiple query variations","choropleth visualization type"],"duration":2,"failureDetails":[],"failureMessages":[],"fullName":"Comprehensive Query Classifier Tests Testing all 16 visualization types with multiple query variations choropleth visualization type should classify \"Map education levels by state\" as choropleth","invocations":1,"location":{"column":11,"line":174},"numPassingAsserts":1,"retryReasons":[],"status":"passed","title":"should classify \"Map education levels by state\" as choropleth"},{"ancestorTitles":["Comprehensive Query Classifier Tests","Testing all 16 visualization types with multiple query variations","choropleth visualization type"],"duration":0,"failureDetails":[],"failureMessages":[],"fullName":"Comprehensive Query Classifier Tests Testing all 16 visualization types with multiple query variations choropleth visualization type should classify \"Display population density by neighborhood\" as choropleth","invocations":1,"location":{"column":11,"line":174},"numPassingAsserts":1,"retryReasons":[],"status":"passed","title":"should classify \"Display population density by neighborhood\" as choropleth"},{"ancestorTitles":["Comprehensive Query Classifier Tests","Testing all 16 visualization types with multiple query variations","choropleth visualization type"],"duration":0,"failureDetails":[],"failureMessages":[],"fullName":"Comprehensive Query Classifier Tests Testing all 16 visualization types with multiple query variations choropleth visualization type should classify \"Visualize home values by zip code\" as choropleth","invocations":1,"location":{"column":11,"line":174},"numPassingAsserts":1,"retryReasons":[],"status":"passed","title":"should classify \"Visualize home values by zip code\" as choropleth"},{"ancestorTitles":["Comprehensive Query Classifier Tests","Testing all 16 visualization types with multiple query variations","choropleth visualization type"],"duration":0,"failureDetails":[],"failureMessages":[],"fullName":"Comprehensive Query Classifier Tests Testing all 16 visualization types with multiple query variations choropleth visualization type should classify \"Show poverty rates across the region\" as choropleth","invocations":1,"location":{"column":11,"line":174},"numPassingAsserts":1,"retryReasons":[],"status":"passed","title":"should classify \"Show poverty rates across the region\" as choropleth"},{"ancestorTitles":["Comprehensive Query Classifier Tests","Testing all 16 visualization types with multiple query variations","choropleth visualization type"],"duration":1,"failureDetails":[],"failureMessages":[],"fullName":"Comprehensive Query Classifier Tests Testing all 16 visualization types with multiple query variations choropleth visualization type should classify \"Create a thematic map of income levels\" as choropleth","invocations":1,"location":{"column":11,"line":174},"numPassingAsserts":1,"retryReasons":[],"status":"passed","title":"should classify \"Create a thematic map of income levels\" as choropleth"},{"ancestorTitles":["Comprehensive Query Classifier Tests","Testing all 16 visualization types with multiple query variations","heatmap visualization type"],"duration":0,"failureDetails":[],"failureMessages":[],"fullName":"Comprehensive Query Classifier Tests Testing all 16 visualization types with multiple query variations heatmap visualization type should classify \"Show density of restaurants in the city\" as heatmap","invocations":1,"location":{"column":11,"line":174},"numPassingAsserts":1,"retryReasons":[],"status":"passed","title":"should classify \"Show density of restaurants in the city\" as heatmap"},{"ancestorTitles":["Comprehensive Query Classifier Tests","Testing all 16 visualization types with multiple query variations","heatmap visualization type"],"duration":0,"failureDetails":[],"failureMessages":[],"fullName":"Comprehensive Query Classifier Tests Testing all 16 visualization types with multiple query variations heatmap visualization type should classify \"Create a heat map of crime incidents\" as heatmap","invocations":1,"location":{"column":11,"line":174},"numPassingAsserts":1,"retryReasons":[],"status":"passed","title":"should classify \"Create a heat map of crime incidents\" as heatmap"},{"ancestorTitles":["Comprehensive Query Classifier Tests","Testing all 16 visualization types with multiple query variations","heatmap visualization type"],"duration":0,"failureDetails":[],"failureMessages":[],"fullName":"Comprehensive Query Classifier Tests Testing all 16 visualization types with multiple query variations heatmap visualization type should classify \"Where are traffic accidents concentrated?\" as heatmap","invocations":1,"location":{"column":11,"line":174},"numPassingAsserts":1,"retryReasons":[],"status":"passed","title":"should classify \"Where are traffic accidents concentrated?\" as heatmap"},{"ancestorTitles":["Comprehensive Query Classifier Tests","Testing all 16 visualization types with multiple query variations","heatmap visualization type"],"duration":0,"failureDetails":[],"failureMessages":[],"fullName":"Comprehensive Query Classifier Tests Testing all 16 visualization types with multiple query variations heatmap visualization type should classify \"Heat map of customer locations\" as heatmap","invocations":1,"location":{"column":11,"line":174},"numPassingAsserts":1,"retryReasons":[],"status":"passed","title":"should classify \"Heat map of customer locations\" as heatmap"},{"ancestorTitles":["Comprehensive Query Classifier Tests","Testing all 16 visualization types with multiple query variations","heatmap visualization type"],"duration":0,"failureDetails":[],"failureMessages":[],"fullName":"Comprehensive Query Classifier Tests Testing all 16 visualization types with multiple query variations heatmap visualization type should classify \"Show concentration of emergency calls\" as heatmap","invocations":1,"loc
[...]
:{"start":{"line":182,"column":50},"end":{"line":198,"column":3}}}},"branchMap":{"0":{"loc":{"start":{"line":49,"column":14},"end":{"line":49,"column":45}},"type":"default-arg","locations":[{"start":{"line":49,"column":43},"end":{"line":49,"column":45}}]},"1":{"loc":{"start":{"line":50,"column":23},"end":{"line":50,"column":66}},"type":"binary-expr","locations":[{"start":{"line":50,"column":23},"end":{"line":50,"column":41}},{"start":{"line":50,"column":45},"end":{"line":50,"column":66}}]},"2":{"loc":{"start":{"line":51,"column":31},"end":{"line":51,"column":64}},"type":"binary-expr","locations":[{"start":{"line":51,"column":31},"end":{"line":51,"column":57}},{"start":{"line":51,"column":61},"end":{"line":51,"column":64}}]},"3":{"loc":{"start":{"line":52,"column":24},"end":{"line":52,"column":61}},"type":"binary-expr","locations":[{"start":{"line":52,"column":24},"end":{"line":52,"column":43}},{"start":{"line":52,"column":47},"end":{"line":52,"column":61}}]},"4":{"loc":{"start":{"line":53,"column":21},"end":{"line":53,"column":45}},"type":"binary-expr","locations":[{"start":{"line":53,"column":21},"end":{"line":53,"column":37}},{"start":{"line":53,"column":41},"end":{"line":53,"column":45}}]},"5":{"loc":{"start":{"line":62,"column":4},"end":{"line":62,"column":28}},"type":"if","locations":[{"start":{"line":62,"column":4},"end":{"line":62,"column":28}}]},"6":{"loc":{"start":{"line":66,"column":4},"end":{"line":69,"column":5}},"type":"if","locations":[{"start":{"line":66,"column":4},"end":{"line":69,"column":5}}]},"7":{"loc":{"start":{"line":87,"column":6},"end":{"line":89,"column":7}},"type":"if","locations":[{"start":{"line":87,"column":6},"end":{"line":89,"column":7}}]},"8":{"loc":{"start":{"line":98,"column":6},"end":{"line":102,"column":7}},"type":"if","locations":[{"start":{"line":98,"column":6},"end":{"line":102,"column":7}},{"start":{"line":100,"column":13},"end":{"line":102,"column":7}}]},"9":{"loc":{"start":{"line":113,"column":14},"end":{"line":113,"column":77}},"type":"binary-expr","locations":[{"start":{"line":113,"column":14},"end":{"line":113,"column":24}},{"start":{"line":113,"column":28},"end":{"line":113,"column":77}}]},"10":{"loc":{"start":{"line":125,"column":4},"end":{"line":127,"column":5}},"type":"if","locations":[{"start":{"line":125,"column":4},"end":{"line":127,"column":5}}]},"11":{"loc":{"start":{"line":125,"column":8},"end":{"line":125,"column":69}},"type":"binary-expr","locations":[{"start":{"line":125,"column":8},"end":{"line":125,"column":14}},{"start":{"line":125,"column":18},"end":{"line":125,"column":69}}]},"12":{"loc":{"start":{"line":145,"column":4},"end":{"line":160,"column":5}},"type":"if","locations":[{"start":{"line":145,"column":4},"end":{"line":160,"column":5}}]},"13":{"loc":{"start":{"line":151,"column":8},"end":{"line":154,"column":9}},"type":"if","locations":[{"start":{"line":151,"column":8},"end":{"line":154,"column":9}}]},"14":{"loc":{"start":{"line":157,"column":6},"end":{"line":159,"column":7}},"type":"if","locations":[{"start":{"line":157,"column":6},"end":{"line":159,"column":7}}]},"15":{"loc":{"start":{"line":183,"column":4},"end":{"line":185,"column":5}},"type":"if","locations":[{"start":{"line":183,"column":4},"end":{"line":185,"column":5}}]},"16":{"loc":{"start":{"line":187,"column":4},"end":{"line":189,"column":5}},"type":"if","locations":[{"start":{"line":187,"column":4},"end":{"line":189,"column":5}}]},"17":{"loc":{"start":{"line":191,"column":4},"end":{"line":193,"column":5}},"type":"if","locations":[{"start":{"line":191,"column":4},"end":{"line":193,"column":5}}]},"18":{"loc":{"start":{"line":195,"column":4},"end":{"line":197,"column":5}},"type":"if","locations":[{"start":{"line":195,"column":4},"end":{"line":197,"column":5}}]}},"s":{"0":2,"1":2,"2":2,"3":2,"4":2,"5":10,"6":0,"7":10,"8":10,"9":0,"10":0,"11":10,"12":10,"13":10,"14":0,"15":10,"16":0,"17":0,"18":0,"19":0,"20":0,"21":0,"22":10,"23":0,"24":10,"25":10,"26":0,"27":10,"28":10,"29":10,"30":0,"31":10,"32":0,"33":0,"34":0,"35":0,"36":0,"37":0,"38":0,"39":0,"40":0,"41":0,"42":0,"43":10,"44":0,"45":0,"46":0,"47":0,"48":0,"49":0,"50":0,"51":0,"52":0,"53":7},"f":{"0":2,"1":10,"2":0,"3":0,"4":10,"5":0,"6":10,"7":0,"8":0},"b":{"0":[0],"1":[2,2],"2":[2,2],"3":[2,2],"4":[2,2],"5":[0],"6":[0],"7":[0],"8":[0,10],"9":[0,0],"10":[0],"11":[10,0],"12":[0],"13":[0],"14":[0],"15":[0],"16":[0],"17":[0],"18":[0]}},"/Users/voldeck/code/newdemo/lib/hybrid-query-processor.ts":{"path":"/Users/voldeck/code/newdemo/lib/hybrid-query-processor.ts","statementMap":{"0":{"start":{"line":2,"column":0},"end":{"line":2,"column":85}},"1":{"start":{"line":3,"column":0},"end":{"line":3,"column":88}},"2":{"start":{"line":4,"column":0},"end":{"line":4,"column":91}},"3":{"start":{"line":48,"column":10},"end":{"line":48,"column":51}},"4":{"start":{"line":54,"column":10},"end":{"line":54,"column":42}},"5":{"start":{"line":57,"column":4},"end":{"line":57,"column":65}},"6":{"start":{"line":58,"column":4},"end":{"line":63,"column":6}},"7":{"start":{"line":70,"column":22},"end":{"line":70,"column":32}},"8":{"start":{"line":73,"column":30},"end":{"line":73,"column":56}},"9":{"start":{"line":76,"column":28},"end":{"line":76,"column":74}},"10":{"start":{"line":79,"column":18},"end":{"line":79,"column":61}},"11":{"start":{"line":80,"column":27},"end":{"line":80,"column":60}},"12":{"start":{"line":85,"column":4},"end":{"line":91,"column":5}},"13":{"start":{"line":87,"column":6},"end":{"line":87,"column":83}},"14":{"start":{"line":90,"column":6},"end":{"line":90,"column":86}},"15":{"start":{"line":93,"column":27},"end":{"line":93,"column":49}},"16":{"start":{"line":94,"column":4},"end":{"line":94,"column":43}},"17":{"start":{"line":97,"column":4},"end":{"line":111,"column":5}},"18":{"start":{"line":98,"column":6},"end":{"line":105,"column":9}},"19":{"start":{"line":108,"column":6},"end":{"line":110,"column":7}},"20":{"start":{"line":109,"column":8},"end":{"line":109,"column":41}},"21":{"start":{"line":113,"column":4},"end":{"line":113,"column":18}},"22":{"start":{"line":121,"column":4},"end":{"line":123,"column":5}},"23":{"start":{"line":122,"column":6},"end":{"line":122,"column":18}},"24":{"start":{"line":126,"column":4},"end":{"line":126,"column":80}},"25":{"start":{"line":137,"column":4},"end":{"line":175,"column":5}},"26":{"start":{"line":139,"column":29},"end":{"line":147,"column":26}},"27":{"start":{"line":150,"column":39},"end":{"line":154,"column":8}},"28":{"start":{"line":157,"column":24},"end":{"line":157,"column":59}},"29":{"start":{"line":160,"column":48},"end":{"line":167,"column":8}},"30":{"start":{"line":169,"column":6},"end":{"line":169,"column":28}},"31":{"start":{"line":171,"column":6},"end":{"line":171,"column":52}},"32":{"start":{"line":174,"column":6},"end":{"line":174,"column":78}},"33":{"start":{"line":187,"column":47},"end":{"line":194,"column":6}},"34":{"start":{"line":197,"column":27},"end":{"line":197,"column":79}},"35":{"start":{"line":198,"column":4},"end":{"line":198,"column":57}},"36":{"start":{"line":201,"column":44},"end":{"line":206,"column":6}},"37":{"start":{"line":208,"column":4},"end":{"line":208,"column":24}},"38":{"start":{"line":215,"column":4},"end":{"line":215,"column":39}},"39":{"start":{"line":218,"column":4},"end":{"line":220,"column":5}},"40":{"start":{"line":219,"column":6},"end":{"line":219,"column":33}},"41":{"start":{"line":228,"column":4},"end":{"line":230,"column":5}},"42":{"start":{"line":229,"column":6},"end":{"line":229,"column":13}},"43":{"start":{"line":233,"column":23},"end":{"line":233,"column":52}},"44":{"start":{"line":236,"column":22},"end":{"line":236,"column":77}},"45":{"start":{"line":236,"column":45},"end":{"line":236,"column":76}},"46":{"start":{"line":237,"column":24},"end":{"line":237,"column":81}},"47":{"start":{"line":237,"column":47},"end":{"line":237,"column":80}},"48":{"start":{"line":239,"column":22},"end":{"line":240,"column":44}},"49":{"start":{"line":239,"column":51},"end":{"line":239,"column":73}},"50":{"start":{"line":241,"column":24},"end":{"line":242,"column":48}},"51":{"start":{"line":241,"column":55},"end":{"line":241,"column":77}},"52":{"start":{"line":245,"column":22},"end":{"line":245,"column":45}},"53":{"start":{"line":248,"column":4},"end":{"line":254,"column":5}},"54":{"start":{"line":249,"column":6},"end":{"line":249,"column":38}},"55":{"start":{"line":252,"column":9},"end":{"line":254,"column":5}},"56":{"start":{"line":253,"column":6},"end":{"line":253,"column":38}},"57":{"start":{"line":261,"column":4},"end":{"line":261,"column":35}},"58":{"start":{"line":268,"column":4},"end":{"line":268,"column":31}},"59":{"start":{"line":46,"column":0},"end":{"line":46,"column":13}}},"fnMap":{"0":{"name":"(anonymous_0)","decl":{"start":{"line":56,"column":2},"end":{"line":56,"column":14}},"loc":{"start":{"line":56,"column":50},"end":{"line":64,"column":3}}},"1":{"name":"(anonymous_1)","decl":{"start":{"line":69,"column":2},"end":{"line":69,"column":7}},"loc":{"start":{"line":69,"column":34},"end":{"line":114,"column":3}}},"2":{"name":"(anonymous_2)","decl":{"start":{"line":119,"column":10},"end":{"line":119,"column":31}},"loc":{"start":{"line":119,"column":65},"end":{"line":127,"column":3}}},"3":{"name":"(anonymous_3)","decl":{"start":{"line":132,"column":10},"end":{"line":132,"column":15}},"loc":{"start":{"line":135,"column":42},"end":{"line":176,"column":3}}},"4":{"name":"(anonymous_4)","decl":{"start":{"line":181,"column":10},"end":{"line":181,"column":15}},"loc":{"start":{"line":184,"column":42},"end":{"line":209,"column":3}}},"5":{"name":"(anonymous_5)","decl":{"start":{"line":214,"column":10},"end":{"line":214,"column":26}},"loc":{"start":{"line":214,"column":56},"end":{"line":221,"column":3}}},"6":{"name":"(anonymous_6)","decl":{"start":{"line":226,"column":10},"end":{"line":226,"column":35}},"loc":{"start":{"line":226,"column":35},"end":{"line":255,"column":3}}},"7":{"name":"(anonymous_7)","decl":{"start":{"line":236,"column":40},"end":{"line":236,"column":41}},"loc":{"start":{"line":236,"column":45},"end":{"line":236,"column":76}}},"8":{"name":"(anonymous_8)","decl":{"start":{"line":237,"column":42},"end":{"line":237,"column":43}},"loc":{"start":{"line":237,"column":47},"end":{"line":237,"column":80}}},"9":{"name":"(anonymous_9)","decl":{"start":{"line":239,"column":39},"end":{"line":239,"column":40}},"loc":{"start":{"line":239,"column":51},"end":{"line":239,"column":73}}},"10":{"name":"(anonymous_10)","decl":{"start":{"line":241,"column":43},"end":{"line":241,"column":44}},"loc":{"start":{"line":241,"column":55},"end":{"line":241,"column":77}}},"11":{"name":"(anonymous_11)","decl":{"start":{"line":260,"column":2},"end":{"line":260,"column":18}},"loc":{"start":{"line":260,"column":18},"end":{"line":262,"column":3}}},"12":{"name":"(anonymous_12)","decl":{"start":{"line":267,"column":2},"end":{"line":267,"column":12}},"loc":{"start":{"line":267,"column":12},"end":{"line":269,"column":3}}}},"branchMap":{"0":{"loc":{"start":{"line":56,"column":14},"end":{"line":56,"column":50}},"type":"default-arg","locations":[{"start":{"line":56,"column":48},"end":{"line":56,"column":50}}]},"1":{"loc":{"start":{"line":80,"column":27},"end":{"line":80,"column":60}},"type":"cond-expr","locations":[{"start":{"line":80,"column":35},"end":{"line":80,"column":45}},{"start":{"line":80,"column":48},"end":{"line":80,"column":60}}]},"2":{"loc":{"start":{"line":85,"column":4},"end":{"line":91,"column":5}},"type":"if","locations":[{"start":{"line":85,"column":4},"end":{"line":91,"column":5}},{"start":{"line":88,"column":11},"end":{"line":91,"column":5}}]},"3":{"loc":{"start":{"line":85,"column":8},"end":{"line":85,"column":44}},"type":"binary-expr","locations":[{"start":{"line":85,"column":8},"end":{"line":85,"column":13}},{"start":{"line":85,"column":17},"end":{"line":85,"column":44}}]},"4":{"loc":{"start":{"line":97,"column":4},"end":{"line":111,"column":5}},"type":"if","locations":[{"start":{"line":97,"column":4},"end":{"line":111,"column":5}}]},"5":{"loc":{"start":{"line":108,"column":6},"end":{"line":110,"column":7}},"type":"if","locations":[{"start":{"line":108,"column":6},"end":{"line":110,"column":7}}]},"6":{"loc":{"start":{"line":121,"column":4},"end":{"line":123,"column":5}},"type":"if","locations":[{"start":{"line":121,"column":4},"end":{"line":123,"column":5}}]},"7":{"loc":{"start":{"line":126,"column":11},"end":{"line":126,"column":79}},"type":"binary-expr","locations":[{"start":{"line":126,"column":11},"end":{"line":126,"column":54}},{"start":{"line":126,"column":58},"end":{"line":126,"column":79}}]},"8":{"loc":{"start":{"line":218,"column":4},"end":{"line":220,"column":5}},"type":"if","locations":[{"start":{"line":218,"column":4},"end":{"line":220,"column":5}}]},"9":{"loc":{"start":{"line":228,"column":4},"end":{"line":230,"column":5}},"type":"if","locations":[{"start":{"line":228,"column":4},"end":{"line":230,"column":5}}]},"10":{"loc":{"start":{"line":240,"column":22},"end":{"line":240,"column":43}},"type":"binary-expr","locations":[{"start":{"line":240,"column":22},"end":{"line":240,"column":38}},{"start":{"line":240,"column":42},"end":{"line":240,"column":43}}]},"11":{"loc":{"start":{"line":242,"column":24},"end":{"line":242,"column":47}},"type":"binary-expr","locations":[{"start":{"line":242,"column":24},"end":{"line":242,"column":42}},{"start":{"line":242,"column":46},"end":{"line":242,"column":47}}]},"12":{"loc":{"start":{"line":248,"column":4},"end":{"line":254,"column":5}},"type":"if","locations":[{"start":{"line":248,"column":4},"end":{"line":254,"column":5}},{"start":{"line":252,"column":9},"end":{"line":254,"column":5}}]},"13":{"loc":{"start":{"line":248,"column":8},"end":{"line":248,"column":53}},"type":"binary-expr","locations":[{"start":{"line":248,"column":8},"end":{"line":248,"column":21}},{"start":{"line":248,"column":25},"end":{"line":248,"column":53}}]},"14":{"loc":{"start":{"line":252,"column":9},"end":{"line":254,"column":5}},"type":"if","locations":[{"start":{"line":252,"column":9},"end":{"line":254,"column":5}}]},"15":{"loc":{"start":{"line":252,"column":13},"end":{"line":252,"column":58}},"type":"binary-expr","locations":[{"start":{"line":252,"column":13},"end":{"line":252,"column":26}},{"start":{"line":252,"column":30},"end":{"line":252,"column":58}}]}},"s":{"0":1,"1":1,"2":1,"3":6,"4":6,"5":6,"6":6,"7":5,"8":5,"9":5,"10":5,"11":5,"12":5,"13":3,"14":2,"15":5,"16":5,"17":5,"18":0,"19":0,"20":0,"21":5,"22":5,"23":2,"24":3,"25":3,"26":3,"27":3,"28":3,"29":2,"30":2,"31":1,"32":1,"33":3,"34":3,"35":3,"36":3,"37":3,"38":0,"39":0,"40":0,"41":0,"42":0,"43":0,"44":0,"45":0,"46":0,"47":0,"48":0,"49":0,"50":0,"51":0,"52":0,"53":0,"54":0,"55":0,"56":0,"57":0,"58":0,"59":1},"f":{"0":6,"1":5,"2":5,"3":3,"4":3,"5":0,"6":0,"7":0,"8":0,"9":0,"10":0,"11":0,"12":0},"b":{"0":[0],"1":[4,1],"2":[3,2],"3":[5,4],"4":[0],"5":[0],"6":[2],"7":[3,1],"8":[0],"9":[0],"10":[0,0],"11":[0,0],"12":[0,0],"13":[0,0],"14":[0],"15":[0,0]}},"/Users/voldeck/code/newdemo/lib/ml-service-client.ts":{"path":"/Users/voldeck/code/newdemo/lib/ml-service-client.ts","statementMap":{"0":{"start":{"line":1,"column":0},"end":{"line":1,"column":26}},"1":{"start":{"line":46,"column":40},"end":{"line":51,"column":2}},"2":{"start":{"line":59,"column":19},"end":{"line":59,"column":46}},"3":{"start":{"line":62,"column":4},"end":{"line":62,"column":51}},"4":{"start":{"line":63,"column":4},"end":{"line":63,"column":27}},"5":{"start":{"line":70,"column":21},"end":{"line":70,"column":45}},"6":{"start":{"line":71,"column":23},"end":{"line":71,"column":47}},"7":{"start":{"line":74,"column":4},"end":{"line":76,"column":5}},"8":{"start":{"line":75,"column":6},"end":{"line":75,"column":54}},"9":{"start":{"line":78,"column":18},"end":{"line":78,"column":19}},"10":{"start":{"line":79,"column":34},"end":{"line":79,"column":38}},"11":{"start":{"line":81,"column":4},"end":{"line":111,"column":5}},"12":{"start":{"line":82,"column":6},"end":{"line":110,"column":7}},"13":{"start":{"line":83,"column":25},"end":{"line":89,"column":10}},"14":{"start":{"line":91,"column":42},"end":{"line":91,"column":55}},"15":{"start":{"line":94,"column":8},"end":{"line":97,"column":11}},"16":{"start":{"line":99,"column":8},"end":{"line":99,"column":22}},"17":{"start":{"line":101,"column":8},"end":{"line":101,"column":35}},"18":{"start":{"line":102,"column":8},"end":{"line":102,"column":18}},"19":{"start":{"line":104,"column":8},"end":{"line":109,"column":9}},"20":{"start":{"line":106,"column":10},"end":{"line":108,"column":12}},"21":{"start":{"line":107,"column":12},"end":{"line":107,"column":64}},"22":{"start":{"line":113,"column":4},"end":{"line":113,"column":77}},"23":{"start":{"line":120,"column":4},"end":{"line":130,"column":7}},"24":{"start":{"line":137,"column":4},"end":{"line":137,"column":23}},"25":{"start":{"line":56,"column":0},"end":{"line":56,"column":13}}},"fnMap":{"0":{"name":"(anonymous_1)","decl":{"start":{"line":61,"column":2},"end":{"line":61,"column":14}},"loc":{"start":{"line":61,"column":51},"end":{"line":64,"column":3}}},"1":{"name":"(anonymous_2)","decl":{"start":{"line":69,"column":2},"end":{"line":69,"column":7}},"loc":{"start":{"line":69,"column":40},"end":{"line":114,"column":3}}},"2":{"name":"(anonymous_3)","decl":{"start":{"line":106,"column":28},"end":{"line":106,"column":35}},"loc":{"start":{"line":107,"column":12},"end":{"line":107,"column":64}}},"3":{"name":"(anonymous_4)","decl":{"start":{"line":119,"column":10},"end":{"line":119,"column":21}},"loc":{"start":{"line":119,"column":46},"end":{"line":131,"column":3}}},"4":{"name":"(anonymous_5)","decl":{"start":{"line":136,"column":2},"end":{"line":136,"column":12}},"loc":{"start":{"line":136,"column":12},"end":{"line":138,"column":3}}}},"branchMap":{"0":{"loc":{"start":{"line":47,"column":12},"end":{"line":47,"column":82}},"type":"binary-expr","locations":[{"start":{"line":47,"column":12},"end":{"line":47,"column":43}},{"start":{"line":47,"column":47},"end":{"line":47,"column":82}}]},"1":{"loc":{"start":{"line":61,"column":14},"end":{"line":61,"column":51}},"type":"default-arg","locations":[{"start":{"line":61,"column":49},"end":{"line":61,"column":51}}]},"2":{"loc":{"start":{"line":74,"column":4},"end":{"line":76,"column":5}},"type":"if","locations":[{"start":{"line":74,"column":4},"end":{"line":76,"column":5}}]},"3":{"loc":{"start":{"line":74,"column":8},"end":{"line":74,"column":74}},"type":"binary-expr","locations":[{"start":{"line":74,"column":8},"end":{"line":74,"column":18}},{"start":{"line":74,"column":22},"end":{"line":74,"column":74}}]},"4":{"loc":{"start":{"line":86,"column":16},"end":{"line":86,"column":73}},"type":"binary-expr","locations":[{"start":{"line":86,"column":16},"end":{"line":86,"column":34}},{"start":{"line":86,"column":38},"end":{"line":86,"column":73}}]},"5":{"loc":{"start":{"line":104,"column":8},"end":{"line":109,"column":9}},"type":"if","locations":[{"start":{"line":104,"column":8},"end":{"line":109,"column":9}}]},"6":{"loc":{"start":{"line":113,"column":10},"end":{"line":113,"column":76}},"type":"binary-expr","locations":[{"start":{"line":113,"column":10},"end":{"line":113,"column":19}},{"start":{"line":113,"column":23},"end":{"line":113,"column":76}}]},"7":{"loc":{"start":{"line":124,"column":10},"end":{"line":126,"column":8}},"type":"binary-expr","locations":[{"start":{"line":124,"column":10},"end":{"line":124,"column":30}},{"start":{"line":124,"column":34},"end":{"line":126,"column":8}}]},"8":{"loc":{"start":{"line":127,"column":10},"end":{"line":129,"column":8}},"type":"binary-expr","locations":[{"start":{"line":127,"column":10},"end":{"line":127,"column":35}},{"start":{"line":127,"column":39},"end":{"line":129,"column":8}}]}},"s":{"0":1,"1":1,"2":0,"3":0,"4":0,"5":0,"6":0,"7":0,"8":0,"9":0,"10":0,"11":0,"12":0,"13":0,"14":0,"15":0,"16":0,"17":0,"18":0,"19":0,"20":0,"21":0,"22":0,"23":0,"24":0,"25":1},"f":{"0":0,"1":0,"2":0,"3":0,"4":0},"b":{"0":[1,1],"1":[0],"2":[0],"3":[0,0],"4":[0,0],"5":[0],"6":[0,0],"7":[0,0],"8":[0,0]}}}}
