__tests__/ai-personas.integration.test.ts(6,32): error TS1005: ',' expected.
__tests__/ai-personas.integration.test.ts(6,37): error TS1005: ',' expected.
__tests__/ai-personas.integration.test.ts(9,33): error TS1005: ',' expected.
__tests__/automated-query-test-runner.ts(222,45): error TS1005: ',' expected.
__tests__/automated-query-test-runner.ts(223,41): error TS1005: ',' expected.
__tests__/automated-query-test-runner.ts(238,27): error TS1005: ',' expected.
__tests__/automated-query-test-runner.ts(238,32): error TS1005: ',' expected.
__tests__/automated-query-test-runner.ts(274,46): error TS1005: ',' expected.
__tests__/automated-query-test-runner.ts(276,69): error TS1005: ',' expected.
__tests__/automated-query-test-runner.ts(368,38): error TS1005: ',' expected.
__tests__/chat-constants-validation.test.ts(161,69): error TS1005: ',' expected.
__tests__/chat-constants-validation.test.ts(165,85): error TS1005: ',' expected.
__tests__/chat-constants-validation.test.ts(167,66): error TS1005: ',' expected.
__tests__/chat-constants-validation.test.ts(178,74): error TS1005: ',' expected.
__tests__/chat-constants-validation.test.ts(182,95): error TS1005: ',' expected.
__tests__/chat-constants-validation.test.ts(184,62): error TS1005: ',' expected.
__tests__/chat-constants-validation.test.ts(344,40): error TS1005: ',' expected.
__tests__/chat-constants-validation.test.ts(374,44): error TS1005: ',' expected.
__tests__/chat-constants-validation.test.ts(431,46): error TS1005: ',' expected.
__tests__/chat-constants-validation.test.ts(435,31): error TS1005: ',' expected.
__tests__/chat-constants-validation.test.ts(435,36): error TS1005: ',' expected.
__tests__/chat-constants-validation.test.ts(448,46): error TS1005: ',' expected.
__tests__/chat-constants-validation.test.ts(452,31): error TS1005: ',' expected.
__tests__/chat-constants-validation.test.ts(452,36): error TS1005: ',' expected.
__tests__/chat-constants-validation.test.ts(465,16): error TS1005: ',' expected.
__tests__/chat-constants-validation.test.ts(468,74): error TS1005: ',' expected.
__tests__/chat-constants-validation.test.ts(482,16): error TS1005: ',' expected.
__tests__/chat-constants-validation.test.ts(500,16): error TS1005: ',' expected.
__tests__/chat-context-integration.test.ts(224,31): error TS1005: ',' expected.
__tests__/chat-context-integration.test.ts(334,29): error TS1005: ',' expected.
__tests__/chat-context-integration.test.ts(349,38): error TS1005: ',' expected.
__tests__/deployment-functionality.test.ts(409,38): error TS1005: ',' expected.
__tests__/dynamic-layer-integration.test.ts(91,28): error TS1005: ',' expected.
__tests__/dynamic-layer-integration.test.ts(105,28): error TS1005: ',' expected.
__tests__/dynamic-layer-integration.test.ts(119,28): error TS1005: ',' expected.
__tests__/dynamic-layer-integration.test.ts(133,28): error TS1005: ',' expected.
__tests__/hybrid-routing-comprehensive.test.ts(281,46): error TS1005: ',' expected.
__tests__/hybrid-routing-comprehensive.test.ts(643,39): error TS1005: ',' expected.
__tests__/hybrid-routing-comprehensive.test.ts(651,41): error TS1005: ',' expected.
__tests__/hybrid-routing-comprehensive.test.ts(651,46): error TS1005: ',' expected.
__tests__/hybrid-routing-comprehensive.test.ts(661,29): error TS1005: ',' expected.
__tests__/hybrid-routing-comprehensive.test.ts(706,30): error TS1005: ',' expected.
__tests__/hybrid-routing-comprehensive.test.ts(764,100): error TS1005: ',' expected.
__tests__/hybrid-routing-comprehensive.test.ts(764,105): error TS1005: ',' expected.
__tests__/hybrid-routing-comprehensive.test.ts(808,45): error TS1005: ',' expected.
__tests__/hybrid-routing-comprehensive.test.ts(809,48): error TS1005: ',' expected.
__tests__/hybrid-routing-comprehensive.test.ts(810,48): error TS1005: ',' expected.
__tests__/hybrid-routing-detailed.test.ts(172,29): error TS1005: ',' expected.
__tests__/hybrid-routing-detailed.test.ts(178,42): error TS1005: ',' expected.
__tests__/hybrid-routing-detailed.test.ts(183,42): error TS1005: ',' expected.
__tests__/hybrid-routing-detailed.test.ts(247,49): error TS1005: ',' expected.
__tests__/hybrid-routing-detailed.test.ts(265,45): error TS1005: ',' expected.
__tests__/hybrid-routing-detailed.test.ts(285,34): error TS1005: ',' expected.
__tests__/hybrid-routing-detailed.test.ts(285,39): error TS1005: ',' expected.
__tests__/hybrid-routing-detailed.test.ts(296,33): error TS1005: ',' expected.
__tests__/hybrid-routing-detailed.test.ts(296,38): error TS1005: ',' expected.
__tests__/hybrid-routing-detailed.test.ts(373,55): error TS1005: ',' expected.
__tests__/hybrid-routing-detailed.test.ts(373,60): error TS1005: ',' expected.
__tests__/hybrid-routing-detailed.test.ts(432,40): error TS1005: ',' expected.
__tests__/hybrid-routing-detailed.test.ts(445,54): error TS1005: ',' expected.
__tests__/hybrid-routing-detailed.test.ts(501,98): error TS1005: ',' expected.
__tests__/hybrid-routing-detailed.test.ts(501,103): error TS1005: ',' expected.
__tests__/hybrid-routing-detailed.test.ts(672,29): error TS1005: ',' expected.
__tests__/hybrid-routing-detailed.test.ts(673,41): error TS1005: ',' expected.
__tests__/hybrid-routing-detailed.test.ts(710,45): error TS1005: ',' expected.
__tests__/hybrid-routing-detailed.test.ts(712,31): error TS1005: ',' expected.
__tests__/hybrid-routing-detailed.test.ts(713,40): error TS1005: ',' expected.
__tests__/hybrid-routing-random-query-optimization.test.ts(420,45): error TS1005: ',' expected.
__tests__/hybrid-routing-random-query-optimization.test.ts(420,50): error TS1005: ',' expected.
__tests__/hybrid-routing-random-query-optimization.test.ts(477,47): error TS1005: ',' expected.
__tests__/hybrid-routing-random-query-optimization.test.ts(491,47): error TS1005: ',' expected.
__tests__/hybrid-routing-random-query-optimization.test.ts(491,52): error TS1005: ',' expected.
__tests__/hybrid-routing-random-query-optimization.test.ts(492,47): error TS1005: ',' expected.
__tests__/hybrid-routing-random-query-optimization.test.ts(492,52): error TS1005: ',' expected.
__tests__/hybrid-routing-random-query-optimization.test.ts(505,48): error TS1005: ',' expected.
__tests__/hybrid-routing-random-query-optimization.test.ts(506,43): error TS1005: ',' expected.
__tests__/hybrid-routing-random-query-optimization.test.ts(515,32): error TS1005: ',' expected.
__tests__/hybrid-routing-random-query-optimization.test.ts(531,16): error TS1005: ',' expected.
__tests__/hybrid-routing-random-query-optimization.test.ts(532,17): error TS1005: ',' expected.
__tests__/hybrid-routing-random-query-optimization.test.ts(539,17): error TS1005: ',' expected.

